{"/home/travis/build/npmtest/node-npmtest-cheerio/test.js":{"path":"/home/travis/build/npmtest/node-npmtest-cheerio/test.js","s":{"1":2,"2":2,"3":2,"4":2,"5":2,"6":2,"7":2,"8":1,"9":2,"10":2,"11":1,"12":1,"13":1,"14":1,"15":2,"16":2,"17":2,"18":2,"19":1,"20":1,"21":2,"22":2,"23":2,"24":1,"25":1,"26":1,"27":1,"28":1,"29":1,"30":1,"31":1,"32":1,"33":1,"34":1,"35":1,"36":2,"37":2,"38":1,"39":2,"40":2,"41":1,"42":2,"43":2,"44":1,"45":1,"46":1,"47":1,"48":1},"b":{"1":[2,1,1,1],"2":[1,1,1,1],"3":[1,1],"4":[1,1],"5":[1,1],"6":[1,1],"7":[1,1],"8":[1,1],"9":[1,1,1],"10":[1,1],"11":[1,1],"12":[1,1],"13":[1,1],"14":[1,1],"15":[1,1]},"f":{"1":2,"2":2,"3":2,"4":2,"5":2,"6":1,"7":1,"8":2,"9":2,"10":2,"11":1},"fnMap":{"1":{"name":"(anonymous_1)","line":12,"loc":{"start":{"line":12,"column":1},"end":{"line":12,"column":13}}},"2":{"name":"(anonymous_2)","line":19,"loc":{"start":{"line":19,"column":5},"end":{"line":19,"column":17}}},"3":{"name":"(anonymous_3)","line":23,"loc":{"start":{"line":23,"column":24},"end":{"line":23,"column":36}}},"4":{"name":"(anonymous_4)","line":61,"loc":{"start":{"line":61,"column":5},"end":{"line":61,"column":17}}},"5":{"name":"(anonymous_5)","line":82,"loc":{"start":{"line":82,"column":5},"end":{"line":82,"column":17}}},"6":{"name":"(anonymous_6)","line":102,"loc":{"start":{"line":102,"column":83},"end":{"line":105,"column":10}},"skip":true},"7":{"name":"(anonymous_7)","line":113,"loc":{"start":{"line":113,"column":77},"end":{"line":116,"column":10}},"skip":true},"8":{"name":"(anonymous_8)","line":127,"loc":{"start":{"line":127,"column":77},"end":{"line":130,"column":10}},"skip":true},"9":{"name":"(anonymous_9)","line":138,"loc":{"start":{"line":138,"column":83},"end":{"line":141,"column":10}},"skip":true},"10":{"name":"(anonymous_10)","line":149,"loc":{"start":{"line":149,"column":79},"end":{"line":152,"column":10}},"skip":true},"11":{"name":"(anonymous_11)","line":160,"loc":{"start":{"line":160,"column":75},"end":{"line":163,"column":10}},"skip":true}},"statementMap":{"1":{"start":{"line":12,"column":0},"end":{"line":175,"column":5}},"2":{"start":{"line":14,"column":4},"end":{"line":14,"column":14}},"3":{"start":{"line":19,"column":4},"end":{"line":56,"column":9}},"4":{"start":{"line":21,"column":8},"end":{"line":21,"column":19}},"5":{"start":{"line":23,"column":8},"end":{"line":35,"column":13}},"6":{"start":{"line":24,"column":12},"end":{"line":34,"column":13}},"7":{"start":{"line":25,"column":16},"end":{"line":28,"column":30}},"8":{"start":{"line":30,"column":16},"end":{"line":33,"column":27}},"9":{"start":{"line":37,"column":8},"end":{"line":39,"column":21}},"10":{"start":{"line":40,"column":8},"end":{"line":53,"column":9}},"11":{"start":{"line":43,"column":12},"end":{"line":46,"column":14}},"12":{"start":{"line":47,"column":12},"end":{"line":47,"column":18}},"13":{"start":{"line":50,"column":12},"end":{"line":51,"column":46}},"14":{"start":{"line":52,"column":12},"end":{"line":52,"column":18}},"15":{"start":{"line":55,"column":8},"end":{"line":55,"column":35}},"16":{"start":{"line":61,"column":4},"end":{"line":63,"column":9}},"17":{"start":{"line":62,"column":8},"end":{"line":62,"column":15}},"18":{"start":{"line":64,"column":4},"end":{"line":77,"column":5}},"19":{"start":{"line":70,"column":8},"end":{"line":70,"column":14}},"20":{"start":{"line":76,"column":8},"end":{"line":76,"column":14}},"21":{"start":{"line":82,"column":4},"end":{"line":84,"column":9}},"22":{"start":{"line":83,"column":8},"end":{"line":83,"column":15}},"23":{"start":{"line":85,"column":4},"end":{"line":174,"column":5}},"24":{"start":{"line":92,"column":8},"end":{"line":94,"column":63}},"25":{"start":{"line":95,"column":8},"end":{"line":95,"column":14}},"26":{"start":{"line":102,"column":8},"end":{"line":111,"column":10},"skip":true},"27":{"start":{"line":109,"column":12},"end":{"line":109,"column":55},"skip":true},"28":{"start":{"line":110,"column":12},"end":{"line":110,"column":48},"skip":true},"29":{"start":{"line":113,"column":8},"end":{"line":125,"column":10},"skip":true},"30":{"start":{"line":120,"column":12},"end":{"line":120,"column":76},"skip":true},"31":{"start":{"line":121,"column":12},"end":{"line":121,"column":73},"skip":true},"32":{"start":{"line":122,"column":12},"end":{"line":122,"column":74},"skip":true},"33":{"start":{"line":123,"column":12},"end":{"line":123,"column":25},"skip":true},"34":{"start":{"line":124,"column":12},"end":{"line":124,"column":45},"skip":true},"35":{"start":{"line":127,"column":8},"end":{"line":136,"column":10},"skip":true},"36":{"start":{"line":134,"column":12},"end":{"line":134,"column":25},"skip":true},"37":{"start":{"line":135,"column":12},"end":{"line":135,"column":45},"skip":true},"38":{"start":{"line":138,"column":8},"end":{"line":147,"column":10},"skip":true},"39":{"start":{"line":145,"column":12},"end":{"line":145,"column":25},"skip":true},"40":{"start":{"line":146,"column":12},"end":{"line":146,"column":48},"skip":true},"41":{"start":{"line":149,"column":8},"end":{"line":158,"column":10},"skip":true},"42":{"start":{"line":156,"column":12},"end":{"line":156,"column":25},"skip":true},"43":{"start":{"line":157,"column":12},"end":{"line":157,"column":46},"skip":true},"44":{"start":{"line":160,"column":8},"end":{"line":169,"column":10},"skip":true},"45":{"start":{"line":167,"column":12},"end":{"line":167,"column":94},"skip":true},"46":{"start":{"line":168,"column":12},"end":{"line":168,"column":48},"skip":true},"47":{"start":{"line":172,"column":8},"end":{"line":172,"column":35},"skip":true},"48":{"start":{"line":173,"column":8},"end":{"line":173,"column":14},"skip":true}},"branchMap":{"1":{"line":25,"type":"binary-expr","locations":[{"start":{"line":25,"column":23},"end":{"line":25,"column":62}},{"start":{"line":26,"column":20},"end":{"line":26,"column":70}},{"start":{"line":27,"column":20},"end":{"line":27,"column":71}},{"start":{"line":28,"column":20},"end":{"line":28,"column":29}}]},"2":{"line":30,"type":"binary-expr","locations":[{"start":{"line":30,"column":23},"end":{"line":30,"column":37}},{"start":{"line":31,"column":20},"end":{"line":31,"column":61}},{"start":{"line":32,"column":20},"end":{"line":32,"column":70}},{"start":{"line":33,"column":20},"end":{"line":33,"column":26}}]},"3":{"line":37,"type":"cond-expr","locations":[{"start":{"line":38,"column":14},"end":{"line":38,"column":20}},{"start":{"line":39,"column":14},"end":{"line":39,"column":20}}]},"4":{"line":40,"type":"switch","locations":[{"start":{"line":42,"column":8},"end":{"line":47,"column":18}},{"start":{"line":49,"column":8},"end":{"line":52,"column":18}}]},"5":{"line":44,"type":"binary-expr","locations":[{"start":{"line":44,"column":16},"end":{"line":44,"column":44}},{"start":{"line":44,"column":48},"end":{"line":44,"column":66}}]},"6":{"line":50,"type":"binary-expr","locations":[{"start":{"line":50,"column":21},"end":{"line":50,"column":49}},{"start":{"line":50,"column":53},"end":{"line":50,"column":72}}]},"7":{"line":64,"type":"switch","locations":[{"start":{"line":69,"column":4},"end":{"line":70,"column":14}},{"start":{"line":75,"column":4},"end":{"line":76,"column":14}}]},"8":{"line":85,"type":"switch","locations":[{"start":{"line":90,"column":4},"end":{"line":95,"column":14}},{"start":{"line":101,"column":4},"end":{"line":173,"column":14},"skip":true}]},"9":{"line":92,"type":"binary-expr","locations":[{"start":{"line":92,"column":18},"end":{"line":92,"column":32}},{"start":{"line":93,"column":12},"end":{"line":93,"column":53}},{"start":{"line":94,"column":12},"end":{"line":94,"column":61}}]},"10":{"line":102,"type":"binary-expr","locations":[{"start":{"line":102,"column":45},"end":{"line":102,"column":79},"skip":true},{"start":{"line":102,"column":83},"end":{"line":111,"column":9},"skip":true}]},"11":{"line":113,"type":"binary-expr","locations":[{"start":{"line":113,"column":42},"end":{"line":113,"column":73},"skip":true},{"start":{"line":113,"column":77},"end":{"line":125,"column":9},"skip":true}]},"12":{"line":127,"type":"binary-expr","locations":[{"start":{"line":127,"column":42},"end":{"line":127,"column":73},"skip":true},{"start":{"line":127,"column":77},"end":{"line":136,"column":9},"skip":true}]},"13":{"line":138,"type":"binary-expr","locations":[{"start":{"line":138,"column":45},"end":{"line":138,"column":79},"skip":true},{"start":{"line":138,"column":83},"end":{"line":147,"column":9},"skip":true}]},"14":{"line":149,"type":"binary-expr","locations":[{"start":{"line":149,"column":43},"end":{"line":149,"column":75},"skip":true},{"start":{"line":149,"column":79},"end":{"line":158,"column":9},"skip":true}]},"15":{"line":160,"type":"binary-expr","locations":[{"start":{"line":160,"column":41},"end":{"line":160,"column":71},"skip":true},{"start":{"line":160,"column":75},"end":{"line":169,"column":9},"skip":true}]}},"code":["/* istanbul instrument in package npmtest_cheerio */","/*jslint","    bitwise: true,","    browser: true,","    maxerr: 8,","    maxlen: 96,","    node: true,","    nomen: true,","    regexp: true,","    stupid: true","*/","(function () {","    'use strict';","    var local;","","","","    // run shared js-env code - pre-init","    (function () {","        // init local","        local = {};","        // init modeJs","        local.modeJs = (function () {","            try {","                return typeof navigator.userAgent === 'string' &&","                    typeof document.querySelector('body') === 'object' &&","                    typeof XMLHttpRequest.prototype.open === 'function' &&","                    'browser';","            } catch (errorCaughtBrowser) {","                return module.exports &&","                    typeof process.versions.node === 'string' &&","                    typeof require('http').createServer === 'function' &&","                    'node';","            }","        }());","        // init global","        local.global = local.modeJs === 'browser'","            ? window","            : global;","        switch (local.modeJs) {","        // re-init local from window.local","        case 'browser':","            local = local.global.utility2.objectSetDefault(","                local.global.utility2_rollup || local.global.local,","                local.global.utility2","            );","            break;","        // re-init local from example.js","        case 'node':","            local = (local.global.utility2_rollup || require('utility2'))","                .requireExampleJsFromReadme();","            break;","        }","        // export local","        local.global.local = local;","    }());","","","","    // run shared js-env code - function","    (function () {","        return;","    }());","    switch (local.modeJs) {","","","","    // run browser js-env code - function","    case 'browser':","        break;","","","","    // run node js-env code - function","    case 'node':","        break;","    }","","","","    // run shared js-env code - post-init","    (function () {","        return;","    }());","    switch (local.modeJs) {","","","","    // run browser js-env code - post-init","    case 'browser':","        // run tests","        local.nop(local.modeTest &&","            document.querySelector('#testRunButton1') &&","            document.querySelector('#testRunButton1').click());","        break;","","","","    // run node js-env code - post-init","    /* istanbul ignore next */","    case 'node':","        local.testCase_buildApidoc_default = local.testCase_buildApidoc_default || function (","            options,","            onError","        ) {","        /*","         * this function will test buildApidoc's default handling-behavior-behavior","         */","            options = { modulePathList: module.paths };","            local.buildApidoc(options, onError);","        };","","        local.testCase_buildApp_default = local.testCase_buildApp_default || function (","            options,","            onError","        ) {","        /*","         * this function will test buildApp's default handling-behavior-behavior","         */","            local.testCase_buildReadme_default(options, local.onErrorThrow);","            local.testCase_buildLib_default(options, local.onErrorThrow);","            local.testCase_buildTest_default(options, local.onErrorThrow);","            options = [];","            local.buildApp(options, onError);","        };","","        local.testCase_buildLib_default = local.testCase_buildLib_default || function (","            options,","            onError","        ) {","        /*","         * this function will test buildLib's default handling-behavior","         */","            options = {};","            local.buildLib(options, onError);","        };","","        local.testCase_buildReadme_default = local.testCase_buildReadme_default || function (","            options,","            onError","        ) {","        /*","         * this function will test buildReadme's default handling-behavior-behavior","         */","            options = {};","            local.buildReadme(options, onError);","        };","","        local.testCase_buildTest_default = local.testCase_buildTest_default || function (","            options,","            onError","        ) {","        /*","         * this function will test buildTest's default handling-behavior","         */","            options = {};","            local.buildTest(options, onError);","        };","","        local.testCase_webpage_default = local.testCase_webpage_default || function (","            options,","            onError","        ) {","        /*","         * this function will test webpage's default handling-behavior","         */","            options = { modeCoverageMerge: true, url: local.serverLocalHost + '?modeTest=1' };","            local.browserTest(options, onError);","        };","","        // run test-server","        local.testRunServer(local);","        break;","    }","}());",""],"l":{"12":2,"14":2,"19":2,"21":2,"23":2,"24":2,"25":2,"30":1,"37":2,"40":2,"43":1,"47":1,"50":1,"52":1,"55":2,"61":2,"62":2,"64":2,"70":1,"76":1,"82":2,"83":2,"85":2,"92":1,"95":1,"102":1,"109":1,"110":1,"113":1,"120":1,"121":1,"122":1,"123":1,"124":1,"127":1,"134":2,"135":2,"138":1,"145":2,"146":2,"149":1,"156":2,"157":2,"160":1,"167":1,"168":1,"172":1,"173":1}},"/home/travis/build/npmtest/node-npmtest-cheerio/lib.npmtest_cheerio.js":{"path":"/home/travis/build/npmtest/node-npmtest-cheerio/lib.npmtest_cheerio.js","s":{"1":2,"2":2,"3":2,"4":2,"5":2,"6":2,"7":2,"8":1,"9":2,"10":2,"11":2,"12":2,"13":1,"14":1,"15":1,"16":1},"b":{"1":[2,1,1,1],"2":[1,1,1,1],"3":[1,1],"4":[2,2],"5":[1,1]},"f":{"1":2,"2":2,"3":2},"fnMap":{"1":{"name":"(anonymous_1)","line":12,"loc":{"start":{"line":12,"column":1},"end":{"line":12,"column":13}}},"2":{"name":"(anonymous_2)","line":19,"loc":{"start":{"line":19,"column":5},"end":{"line":19,"column":17}}},"3":{"name":"(anonymous_3)","line":23,"loc":{"start":{"line":23,"column":24},"end":{"line":23,"column":36}}}},"statementMap":{"1":{"start":{"line":12,"column":0},"end":{"line":53,"column":5}},"2":{"start":{"line":14,"column":4},"end":{"line":14,"column":14}},"3":{"start":{"line":19,"column":4},"end":{"line":52,"column":9}},"4":{"start":{"line":21,"column":8},"end":{"line":21,"column":19}},"5":{"start":{"line":23,"column":8},"end":{"line":35,"column":13}},"6":{"start":{"line":24,"column":12},"end":{"line":34,"column":13}},"7":{"start":{"line":25,"column":16},"end":{"line":28,"column":30}},"8":{"start":{"line":30,"column":16},"end":{"line":33,"column":27}},"9":{"start":{"line":37,"column":8},"end":{"line":39,"column":21}},"10":{"start":{"line":41,"column":8},"end":{"line":41,"column":54}},"11":{"start":{"line":43,"column":8},"end":{"line":43,"column":52}},"12":{"start":{"line":45,"column":8},"end":{"line":51,"column":9}},"13":{"start":{"line":46,"column":12},"end":{"line":46,"column":58}},"14":{"start":{"line":48,"column":12},"end":{"line":48,"column":35}},"15":{"start":{"line":49,"column":12},"end":{"line":49,"column":49}},"16":{"start":{"line":50,"column":12},"end":{"line":50,"column":43}}},"branchMap":{"1":{"line":25,"type":"binary-expr","locations":[{"start":{"line":25,"column":23},"end":{"line":25,"column":62}},{"start":{"line":26,"column":20},"end":{"line":26,"column":70}},{"start":{"line":27,"column":20},"end":{"line":27,"column":71}},{"start":{"line":28,"column":20},"end":{"line":28,"column":29}}]},"2":{"line":30,"type":"binary-expr","locations":[{"start":{"line":30,"column":23},"end":{"line":30,"column":37}},{"start":{"line":31,"column":20},"end":{"line":31,"column":61}},{"start":{"line":32,"column":20},"end":{"line":32,"column":70}},{"start":{"line":33,"column":20},"end":{"line":33,"column":26}}]},"3":{"line":37,"type":"cond-expr","locations":[{"start":{"line":38,"column":14},"end":{"line":38,"column":20}},{"start":{"line":39,"column":14},"end":{"line":39,"column":20}}]},"4":{"line":41,"type":"binary-expr","locations":[{"start":{"line":41,"column":16},"end":{"line":41,"column":44}},{"start":{"line":41,"column":48},"end":{"line":41,"column":53}}]},"5":{"line":45,"type":"if","locations":[{"start":{"line":45,"column":8},"end":{"line":45,"column":8}},{"start":{"line":45,"column":8},"end":{"line":45,"column":8}}]}},"code":["/* istanbul instrument in package npmtest_cheerio */","/*jslint","    bitwise: true,","    browser: true,","    maxerr: 8,","    maxlen: 96,","    node: true,","    nomen: true,","    regexp: true,","    stupid: true","*/","(function () {","    'use strict';","    var local;","","","","    // run shared js-env code - pre-init","    (function () {","        // init local","        local = {};","        // init modeJs","        local.modeJs = (function () {","            try {","                return typeof navigator.userAgent === 'string' &&","                    typeof document.querySelector('body') === 'object' &&","                    typeof XMLHttpRequest.prototype.open === 'function' &&","                    'browser';","            } catch (errorCaughtBrowser) {","                return module.exports &&","                    typeof process.versions.node === 'string' &&","                    typeof require('http').createServer === 'function' &&","                    'node';","            }","        }());","        // init global","        local.global = local.modeJs === 'browser'","            ? window","            : global;","        // init utility2_rollup","        local = local.global.utility2_rollup || local;","        // init lib","        local.local = local.npmtest_cheerio = local;","        // init exports","        if (local.modeJs === 'browser') {","            local.global.utility2_npmtest_cheerio = local;","        } else {","            module.exports = local;","            module.exports.__dirname = __dirname;","            module.exports.module = module;","        }","    }());","}());",""],"l":{"12":2,"14":2,"19":2,"21":2,"23":2,"24":2,"25":2,"30":1,"37":2,"41":2,"43":2,"45":2,"46":1,"48":1,"49":1,"50":1}},"/home/travis/build/npmtest/node-npmtest-cheerio/example.js":{"path":"/home/travis/build/npmtest/node-npmtest-cheerio/example.js","s":{"1":2,"2":2,"3":2,"4":2,"5":2,"6":2,"7":2,"8":1,"9":2,"10":2,"11":2,"12":2,"13":1,"14":2,"15":2,"16":2,"17":2,"18":2,"19":0,"20":2,"21":1,"22":1,"23":1,"24":1,"25":1,"26":0,"27":0,"28":1,"29":1,"30":2,"31":0,"32":0,"33":0,"34":1,"35":2,"36":2,"37":2,"38":2,"39":2,"40":2,"41":0,"42":2,"43":2,"44":2,"45":1,"46":3,"47":1,"48":1,"49":1,"50":1,"51":1,"52":1,"53":1,"54":1,"55":1,"56":1,"57":0,"58":1,"59":6,"60":6,"61":1,"62":2,"63":0,"64":2,"65":1,"66":1,"67":0,"68":0,"69":0,"70":0,"71":0,"72":0,"73":0,"74":0,"75":0,"76":0,"77":0,"78":0,"79":0,"80":0,"81":0,"82":0,"83":0},"b":{"1":[2,1,1,1],"2":[1,1,1,1],"3":[1,1],"4":[2,2],"5":[1,1],"6":[1,1],"7":[2,0],"8":[2,1,1,1,1,1],"9":[0,2,0],"10":[1,1],"11":[2,1,1],"12":[1,0],"13":[0,2],"14":[2,0,0,0,0,0,0],"15":[0,2],"16":[2,0],"17":[1,1],"18":[0,1],"19":[1,2,0,2],"20":[1,0],"21":[1,1],"22":[0,0],"23":[0,0],"24":[0,0],"25":[0,0],"26":[0,0],"27":[0,0],"28":[0,0]},"f":{"1":2,"2":2,"3":2,"4":2,"5":2,"6":2,"7":2,"8":2,"9":3,"10":1,"11":6,"12":0},"fnMap":{"1":{"name":"(anonymous_1)","line":26,"loc":{"start":{"line":26,"column":1},"end":{"line":26,"column":13}}},"2":{"name":"(anonymous_2)","line":33,"loc":{"start":{"line":33,"column":5},"end":{"line":33,"column":17}}},"3":{"name":"(anonymous_3)","line":37,"loc":{"start":{"line":37,"column":24},"end":{"line":37,"column":36}}},"4":{"name":"(anonymous_4)","line":69,"loc":{"start":{"line":69,"column":31},"end":{"line":69,"column":48}},"skip":true},"5":{"name":"(anonymous_5)","line":78,"loc":{"start":{"line":78,"column":26},"end":{"line":78,"column":45}},"skip":true},"6":{"name":"(anonymous_6)","line":123,"loc":{"start":{"line":123,"column":33},"end":{"line":123,"column":48}},"skip":true},"7":{"name":"(anonymous_7)","line":125,"loc":{"start":{"line":125,"column":27},"end":{"line":125,"column":39}},"skip":true},"8":{"name":"(anonymous_8)","line":133,"loc":{"start":{"line":133,"column":59},"end":{"line":133,"column":74}},"skip":true},"9":{"name":"(anonymous_9)","line":143,"loc":{"start":{"line":143,"column":45},"end":{"line":143,"column":62}},"skip":true},"10":{"name":"(anonymous_10)","line":144,"loc":{"start":{"line":144,"column":73},"end":{"line":144,"column":92}},"skip":true},"11":{"name":"(anonymous_11)","line":272,"loc":{"start":{"line":272,"column":51},"end":{"line":272,"column":77}},"skip":true},"12":{"name":"(anonymous_12)","line":314,"loc":{"start":{"line":314,"column":32},"end":{"line":314,"column":61}},"skip":true}},"statementMap":{"1":{"start":{"line":26,"column":0},"end":{"line":325,"column":5}},"2":{"start":{"line":28,"column":4},"end":{"line":28,"column":14}},"3":{"start":{"line":33,"column":4},"end":{"line":60,"column":9}},"4":{"start":{"line":35,"column":8},"end":{"line":35,"column":19}},"5":{"start":{"line":37,"column":8},"end":{"line":49,"column":13}},"6":{"start":{"line":38,"column":12},"end":{"line":48,"column":13}},"7":{"start":{"line":39,"column":16},"end":{"line":42,"column":30}},"8":{"start":{"line":44,"column":16},"end":{"line":47,"column":27}},"9":{"start":{"line":51,"column":8},"end":{"line":53,"column":21}},"10":{"start":{"line":55,"column":8},"end":{"line":57,"column":45}},"11":{"start":{"line":59,"column":8},"end":{"line":59,"column":35}},"12":{"start":{"line":61,"column":4},"end":{"line":324,"column":5}},"13":{"start":{"line":69,"column":8},"end":{"line":121,"column":10},"skip":true},"14":{"start":{"line":70,"column":12},"end":{"line":88,"column":13},"skip":true},"15":{"start":{"line":76,"column":16},"end":{"line":87,"column":19},"skip":true},"16":{"start":{"line":79,"column":20},"end":{"line":86,"column":21},"skip":true},"17":{"start":{"line":82,"column":24},"end":{"line":82,"column":43},"skip":true},"18":{"start":{"line":83,"column":24},"end":{"line":83,"column":30},"skip":true},"19":{"start":{"line":85,"column":24},"end":{"line":85,"column":49},"skip":true},"20":{"start":{"line":89,"column":12},"end":{"line":107,"column":13},"skip":true},"21":{"start":{"line":92,"column":16},"end":{"line":102,"column":17},"skip":true},"22":{"start":{"line":93,"column":20},"end":{"line":93,"column":86},"skip":true},"23":{"start":{"line":94,"column":20},"end":{"line":95,"column":45},"skip":true},"24":{"start":{"line":96,"column":20},"end":{"line":96,"column":42},"skip":true},"25":{"start":{"line":97,"column":20},"end":{"line":97,"column":48},"skip":true},"26":{"start":{"line":100,"column":20},"end":{"line":100,"column":85},"skip":true},"27":{"start":{"line":101,"column":20},"end":{"line":101,"column":96},"skip":true},"28":{"start":{"line":103,"column":16},"end":{"line":103,"column":22},"skip":true},"29":{"start":{"line":106,"column":16},"end":{"line":106,"column":22},"skip":true},"30":{"start":{"line":108,"column":12},"end":{"line":120,"column":13},"skip":true},"31":{"start":{"line":114,"column":16},"end":{"line":119,"column":17},"skip":true},"32":{"start":{"line":116,"column":20},"end":{"line":116,"column":78},"skip":true},"33":{"start":{"line":118,"column":20},"end":{"line":118,"column":53},"skip":true},"34":{"start":{"line":123,"column":8},"end":{"line":141,"column":11},"skip":true},"35":{"start":{"line":124,"column":12},"end":{"line":124,"column":54},"skip":true},"36":{"start":{"line":125,"column":12},"end":{"line":140,"column":14},"skip":true},"37":{"start":{"line":126,"column":16},"end":{"line":126,"column":28},"skip":true},"38":{"start":{"line":127,"column":16},"end":{"line":127,"column":69},"skip":true},"39":{"start":{"line":128,"column":16},"end":{"line":128,"column":75},"skip":true},"40":{"start":{"line":129,"column":16},"end":{"line":131,"column":17},"skip":true},"41":{"start":{"line":130,"column":20},"end":{"line":130,"column":27},"skip":true},"42":{"start":{"line":133,"column":16},"end":{"line":137,"column":36},"skip":true},"43":{"start":{"line":134,"column":20},"end":{"line":136,"column":55},"skip":true},"44":{"start":{"line":139,"column":16},"end":{"line":139,"column":57},"skip":true},"45":{"start":{"line":143,"column":8},"end":{"line":147,"column":11},"skip":true},"46":{"start":{"line":144,"column":12},"end":{"line":146,"column":15},"skip":true},"47":{"start":{"line":145,"column":16},"end":{"line":145,"column":70},"skip":true},"48":{"start":{"line":149,"column":8},"end":{"line":149,"column":31},"skip":true},"49":{"start":{"line":150,"column":8},"end":{"line":150,"column":14},"skip":true},"50":{"start":{"line":158,"column":8},"end":{"line":158,"column":31},"skip":true},"51":{"start":{"line":160,"column":8},"end":{"line":160,"column":33},"skip":true},"52":{"start":{"line":161,"column":8},"end":{"line":161,"column":37},"skip":true},"53":{"start":{"line":162,"column":8},"end":{"line":162,"column":35},"skip":true},"54":{"start":{"line":164,"column":8},"end":{"line":164,"column":50},"skip":true},"55":{"start":{"line":166,"column":8},"end":{"line":256,"column":2},"skip":true},"56":{"start":{"line":258,"column":8},"end":{"line":286,"column":9},"skip":true},"57":{"start":{"line":259,"column":12},"end":{"line":269,"column":14},"skip":true},"58":{"start":{"line":271,"column":12},"end":{"line":285,"column":19},"skip":true},"59":{"start":{"line":274,"column":20},"end":{"line":274,"column":35},"skip":true},"60":{"start":{"line":275,"column":20},"end":{"line":284,"column":21},"skip":true},"61":{"start":{"line":277,"column":24},"end":{"line":277,"column":64},"skip":true},"62":{"start":{"line":279,"column":24},"end":{"line":279,"column":40},"skip":true},"63":{"start":{"line":281,"column":24},"end":{"line":281,"column":40},"skip":true},"64":{"start":{"line":283,"column":24},"end":{"line":283,"column":39},"skip":true},"65":{"start":{"line":288,"column":8},"end":{"line":290,"column":9},"skip":true},"66":{"start":{"line":289,"column":12},"end":{"line":289,"column":18},"skip":true},"67":{"start":{"line":291,"column":8},"end":{"line":293,"column":54},"skip":true},"68":{"start":{"line":294,"column":8},"end":{"line":301,"column":37},"skip":true},"69":{"start":{"line":302,"column":8},"end":{"line":302,"column":82},"skip":true},"70":{"start":{"line":305,"column":8},"end":{"line":307,"column":9},"skip":true},"71":{"start":{"line":306,"column":12},"end":{"line":306,"column":82},"skip":true},"72":{"start":{"line":309,"column":8},"end":{"line":311,"column":9},"skip":true},"73":{"start":{"line":310,"column":12},"end":{"line":310,"column":18},"skip":true},"74":{"start":{"line":312,"column":8},"end":{"line":312,"column":54},"skip":true},"75":{"start":{"line":313,"column":8},"end":{"line":313,"column":69},"skip":true},"76":{"start":{"line":314,"column":8},"end":{"line":322,"column":36},"skip":true},"77":{"start":{"line":315,"column":12},"end":{"line":315,"column":61},"skip":true},"78":{"start":{"line":316,"column":12},"end":{"line":319,"column":13},"skip":true},"79":{"start":{"line":317,"column":16},"end":{"line":317,"column":75},"skip":true},"80":{"start":{"line":318,"column":16},"end":{"line":318,"column":23},"skip":true},"81":{"start":{"line":320,"column":12},"end":{"line":320,"column":38},"skip":true},"82":{"start":{"line":321,"column":12},"end":{"line":321,"column":27},"skip":true},"83":{"start":{"line":323,"column":8},"end":{"line":323,"column":14},"skip":true}},"branchMap":{"1":{"line":39,"type":"binary-expr","locations":[{"start":{"line":39,"column":23},"end":{"line":39,"column":62}},{"start":{"line":40,"column":20},"end":{"line":40,"column":70}},{"start":{"line":41,"column":20},"end":{"line":41,"column":71}},{"start":{"line":42,"column":20},"end":{"line":42,"column":29}}]},"2":{"line":44,"type":"binary-expr","locations":[{"start":{"line":44,"column":23},"end":{"line":44,"column":37}},{"start":{"line":45,"column":20},"end":{"line":45,"column":61}},{"start":{"line":46,"column":20},"end":{"line":46,"column":70}},{"start":{"line":47,"column":20},"end":{"line":47,"column":26}}]},"3":{"line":51,"type":"cond-expr","locations":[{"start":{"line":52,"column":14},"end":{"line":52,"column":20}},{"start":{"line":53,"column":14},"end":{"line":53,"column":20}}]},"4":{"line":55,"type":"binary-expr","locations":[{"start":{"line":55,"column":16},"end":{"line":55,"column":44}},{"start":{"line":55,"column":49},"end":{"line":57,"column":43}}]},"5":{"line":55,"type":"cond-expr","locations":[{"start":{"line":56,"column":14},"end":{"line":56,"column":51}},{"start":{"line":57,"column":14},"end":{"line":57,"column":43}}]},"6":{"line":61,"type":"switch","locations":[{"start":{"line":68,"column":4},"end":{"line":150,"column":14},"skip":true},{"start":{"line":156,"column":4},"end":{"line":323,"column":14},"skip":true}]},"7":{"line":70,"type":"if","locations":[{"start":{"line":70,"column":12},"end":{"line":70,"column":12},"skip":true},{"start":{"line":70,"column":12},"end":{"line":70,"column":12},"skip":true}]},"8":{"line":70,"type":"binary-expr","locations":[{"start":{"line":70,"column":16},"end":{"line":70,"column":22},"skip":true},{"start":{"line":70,"column":27},"end":{"line":70,"column":32},"skip":true},{"start":{"line":71,"column":20},"end":{"line":71,"column":39},"skip":true},{"start":{"line":72,"column":20},"end":{"line":72,"column":49},"skip":true},{"start":{"line":73,"column":20},"end":{"line":73,"column":58},"skip":true},{"start":{"line":74,"column":20},"end":{"line":74,"column":69},"skip":true}]},"9":{"line":79,"type":"switch","locations":[{"start":{"line":80,"column":20},"end":{"line":80,"column":33},"skip":true},{"start":{"line":81,"column":20},"end":{"line":83,"column":30},"skip":true},{"start":{"line":84,"column":20},"end":{"line":85,"column":49},"skip":true}]},"10":{"line":89,"type":"switch","locations":[{"start":{"line":90,"column":12},"end":{"line":103,"column":22},"skip":true},{"start":{"line":105,"column":12},"end":{"line":106,"column":22},"skip":true}]},"11":{"line":89,"type":"binary-expr","locations":[{"start":{"line":89,"column":20},"end":{"line":89,"column":25},"skip":true},{"start":{"line":89,"column":29},"end":{"line":89,"column":48},"skip":true},{"start":{"line":89,"column":52},"end":{"line":89,"column":74},"skip":true}]},"12":{"line":92,"type":"if","locations":[{"start":{"line":92,"column":16},"end":{"line":92,"column":16},"skip":true},{"start":{"line":92,"column":16},"end":{"line":92,"column":16},"skip":true}]},"13":{"line":108,"type":"if","locations":[{"start":{"line":108,"column":12},"end":{"line":108,"column":12},"skip":true},{"start":{"line":108,"column":12},"end":{"line":108,"column":12},"skip":true}]},"14":{"line":108,"type":"binary-expr","locations":[{"start":{"line":108,"column":16},"end":{"line":108,"column":61},"skip":true},{"start":{"line":108,"column":66},"end":{"line":108,"column":72},"skip":true},{"start":{"line":108,"column":77},"end":{"line":108,"column":82},"skip":true},{"start":{"line":109,"column":20},"end":{"line":109,"column":39},"skip":true},{"start":{"line":110,"column":20},"end":{"line":110,"column":49},"skip":true},{"start":{"line":111,"column":20},"end":{"line":111,"column":58},"skip":true},{"start":{"line":112,"column":20},"end":{"line":112,"column":68},"skip":true}]},"15":{"line":129,"type":"if","locations":[{"start":{"line":129,"column":16},"end":{"line":129,"column":16},"skip":true},{"start":{"line":129,"column":16},"end":{"line":129,"column":16},"skip":true}]},"16":{"line":134,"type":"cond-expr","locations":[{"start":{"line":135,"column":26},"end":{"line":135,"column":29},"skip":true},{"start":{"line":136,"column":26},"end":{"line":136,"column":54},"skip":true}]},"17":{"line":164,"type":"binary-expr","locations":[{"start":{"line":164,"column":27},"end":{"line":164,"column":43},"skip":true},{"start":{"line":164,"column":47},"end":{"line":164,"column":49},"skip":true}]},"18":{"line":258,"type":"if","locations":[{"start":{"line":258,"column":8},"end":{"line":258,"column":8},"skip":true},{"start":{"line":258,"column":8},"end":{"line":258,"column":8},"skip":true}]},"19":{"line":275,"type":"switch","locations":[{"start":{"line":276,"column":20},"end":{"line":277,"column":64},"skip":true},{"start":{"line":278,"column":20},"end":{"line":279,"column":40},"skip":true},{"start":{"line":280,"column":20},"end":{"line":281,"column":40},"skip":true},{"start":{"line":282,"column":20},"end":{"line":283,"column":39},"skip":true}]},"20":{"line":288,"type":"if","locations":[{"start":{"line":288,"column":8},"end":{"line":288,"column":8},"skip":true},{"start":{"line":288,"column":8},"end":{"line":288,"column":8},"skip":true}]},"21":{"line":288,"type":"binary-expr","locations":[{"start":{"line":288,"column":12},"end":{"line":288,"column":40},"skip":true},{"start":{"line":288,"column":44},"end":{"line":288,"column":67},"skip":true}]},"22":{"line":292,"type":"binary-expr","locations":[{"start":{"line":292,"column":12},"end":{"line":292,"column":50},"skip":true},{"start":{"line":293,"column":12},"end":{"line":293,"column":53},"skip":true}]},"23":{"line":295,"type":"binary-expr","locations":[{"start":{"line":295,"column":12},"end":{"line":295,"column":65},"skip":true},{"start":{"line":296,"column":12},"end":{"line":301,"column":36},"skip":true}]},"24":{"line":302,"type":"binary-expr","locations":[{"start":{"line":302,"column":43},"end":{"line":302,"column":75},"skip":true},{"start":{"line":302,"column":79},"end":{"line":302,"column":81},"skip":true}]},"25":{"line":305,"type":"if","locations":[{"start":{"line":305,"column":8},"end":{"line":305,"column":8},"skip":true},{"start":{"line":305,"column":8},"end":{"line":305,"column":8},"skip":true}]},"26":{"line":309,"type":"if","locations":[{"start":{"line":309,"column":8},"end":{"line":309,"column":8},"skip":true},{"start":{"line":309,"column":8},"end":{"line":309,"column":8},"skip":true}]},"27":{"line":312,"type":"binary-expr","locations":[{"start":{"line":312,"column":27},"end":{"line":312,"column":43},"skip":true},{"start":{"line":312,"column":47},"end":{"line":312,"column":53},"skip":true}]},"28":{"line":316,"type":"if","locations":[{"start":{"line":316,"column":12},"end":{"line":316,"column":12},"skip":true},{"start":{"line":316,"column":12},"end":{"line":316,"column":12},"skip":true}]}},"code":["/*","example.js","","quickstart example","","instruction","    1. save this script as example.js","    2. run the shell command:","        $ npm install npmtest-cheerio && PORT=8081 node example.js","    3. play with the browser-demo on http://127.0.0.1:8081","*/","","","","/* istanbul instrument in package npmtest_cheerio */","/*jslint","    bitwise: true,","    browser: true,","    maxerr: 8,","    maxlen: 96,","    node: true,","    nomen: true,","    regexp: true,","    stupid: true","*/","(function () {","    'use strict';","    var local;","","","","    // run shared js-env code - pre-init","    (function () {","        // init local","        local = {};","        // init modeJs","        local.modeJs = (function () {","            try {","                return typeof navigator.userAgent === 'string' &&","                    typeof document.querySelector('body') === 'object' &&","                    typeof XMLHttpRequest.prototype.open === 'function' &&","                    'browser';","            } catch (errorCaughtBrowser) {","                return module.exports &&","                    typeof process.versions.node === 'string' &&","                    typeof require('http').createServer === 'function' &&","                    'node';","            }","        }());","        // init global","        local.global = local.modeJs === 'browser'","            ? window","            : global;","        // init utility2_rollup","        local = local.global.utility2_rollup || (local.modeJs === 'browser'","            ? local.global.utility2_npmtest_cheerio","            : global.utility2_moduleExports);","        // export local","        local.global.local = local;","    }());","    switch (local.modeJs) {","","","","    // post-init","    // run browser js-env code - post-init","    /* istanbul ignore next */","    case 'browser':","        local.testRunBrowser = function (event) {","            if (!event || (event &&","                    event.currentTarget &&","                    event.currentTarget.className &&","                    event.currentTarget.className.includes &&","                    event.currentTarget.className.includes('onreset'))) {","                // reset output","                Array.from(","                    document.querySelectorAll('body > .resettable')","                ).forEach(function (element) {","                    switch (element.tagName) {","                    case 'INPUT':","                    case 'TEXTAREA':","                        element.value = '';","                        break;","                    default:","                        element.textContent = '';","                    }","                });","            }","            switch (event && event.currentTarget && event.currentTarget.id) {","            case 'testRunButton1':","                // show tests","                if (document.querySelector('#testReportDiv1').style.display === 'none') {","                    document.querySelector('#testReportDiv1').style.display = 'block';","                    document.querySelector('#testRunButton1').textContent =","                        'hide internal test';","                    local.modeTest = true;","                    local.testRunDefault(local);","                // hide tests","                } else {","                    document.querySelector('#testReportDiv1').style.display = 'none';","                    document.querySelector('#testRunButton1').textContent = 'run internal test';","                }","                break;","            // custom-case","            default:","                break;","            }","            if (document.querySelector('#inputTextareaEval1') && (!event || (event &&","                    event.currentTarget &&","                    event.currentTarget.className &&","                    event.currentTarget.className.includes &&","                    event.currentTarget.className.includes('oneval')))) {","                // try to eval input-code","                try {","                    /*jslint evil: true*/","                    eval(document.querySelector('#inputTextareaEval1').value);","                } catch (errorCaught) {","                    console.error(errorCaught.stack);","                }","            }","        };","        // log stderr and stdout to #outputTextareaStdout1","        ['error', 'log'].forEach(function (key) {","            console[key + '_original'] = console[key];","            console[key] = function () {","                var element;","                console[key + '_original'].apply(console, arguments);","                element = document.querySelector('#outputTextareaStdout1');","                if (!element) {","                    return;","                }","                // append text to #outputTextareaStdout1","                element.value += Array.from(arguments).map(function (arg) {","                    return typeof arg === 'string'","                        ? arg","                        : JSON.stringify(arg, null, 4);","                }).join(' ') + '\\n';","                // scroll textarea to bottom","                element.scrollTop = element.scrollHeight;","            };","        });","        // init event-handling","        ['change', 'click', 'keyup'].forEach(function (event) {","            Array.from(document.querySelectorAll('.on' + event)).forEach(function (element) {","                element.addEventListener(event, local.testRunBrowser);","            });","        });","        // run tests","        local.testRunBrowser();","        break;","","","","    // run node js-env code - post-init","    /* istanbul ignore next */","    case 'node':","        // export local","        module.exports = local;","        // require modules","        local.fs = require('fs');","        local.http = require('http');","        local.url = require('url');","        // init assets","        local.assetsDict = local.assetsDict || {};","        /* jslint-ignore-begin */","        local.assetsDict['/assets.index.template.html'] = '\\","<!doctype html>\\n\\","<html lang=\"en\">\\n\\","<head>\\n\\","<meta charset=\"UTF-8\">\\n\\","<meta name=\"viewport\" content=\"width=device-width, initial-scale=1\">\\n\\","<title>{{env.npm_package_name}} (v{{env.npm_package_version}})</title>\\n\\","<style>\\n\\","/*csslint\\n\\","    box-sizing: false,\\n\\","    universal-selector: false\\n\\","*/\\n\\","* {\\n\\","    box-sizing: border-box;\\n\\","}\\n\\","body {\\n\\","    background: #dde;\\n\\","    font-family: Arial, Helvetica, sans-serif;\\n\\","    margin: 2rem;\\n\\","}\\n\\","body > * {\\n\\","    margin-bottom: 1rem;\\n\\","}\\n\\",".utility2FooterDiv {\\n\\","    margin-top: 20px;\\n\\","    text-align: center;\\n\\","}\\n\\","</style>\\n\\","<style>\\n\\","/*csslint\\n\\","*/\\n\\","textarea {\\n\\","    font-family: monospace;\\n\\","    height: 10rem;\\n\\","    width: 100%;\\n\\","}\\n\\","textarea[readonly] {\\n\\","    background: #ddd;\\n\\","}\\n\\","</style>\\n\\","</head>\\n\\","<body>\\n\\","<!-- utility2-comment\\n\\","<div id=\"ajaxProgressDiv1\" style=\"background: #d00; height: 2px; left: 0; margin: 0; padding: 0; position: fixed; top: 0; transition: background 0.5s, width 1.5s; width: 25%;\"></div>\\n\\","utility2-comment -->\\n\\","<h1>\\n\\","<!-- utility2-comment\\n\\","    <a\\n\\","        {{#if env.npm_package_homepage}}\\n\\","        href=\"{{env.npm_package_homepage}}\"\\n\\","        {{/if env.npm_package_homepage}}\\n\\","        target=\"_blank\"\\n\\","    >\\n\\","utility2-comment -->\\n\\","        {{env.npm_package_name}} (v{{env.npm_package_version}})\\n\\","<!-- utility2-comment\\n\\","    </a>\\n\\","utility2-comment -->\\n\\","</h1>\\n\\","<h3>{{env.npm_package_description}}</h3>\\n\\","<!-- utility2-comment\\n\\","<h4><a download href=\"assets.app.js\">download standalone app</a></h4>\\n\\","<button class=\"onclick onreset\" id=\"testRunButton1\">run internal test</button><br>\\n\\","<div id=\"testReportDiv1\" style=\"display: none;\"></div>\\n\\","utility2-comment -->\\n\\","\\n\\","\\n\\","\\n\\","<label>stderr and stdout</label>\\n\\","<textarea class=\"resettable\" id=\"outputTextareaStdout1\" readonly></textarea>\\n\\","<!-- utility2-comment\\n\\","{{#if isRollup}}\\n\\","<script src=\"assets.app.js\"></script>\\n\\","{{#unless isRollup}}\\n\\","utility2-comment -->\\n\\","<script src=\"assets.utility2.rollup.js\"></script>\\n\\","<script src=\"jsonp.utility2._stateInit?callback=window.utility2._stateInit\"></script>\\n\\","<script src=\"assets.npmtest_cheerio.rollup.js\"></script>\\n\\","<script src=\"assets.example.js\"></script>\\n\\","<script src=\"assets.test.js\"></script>\\n\\","<!-- utility2-comment\\n\\","{{/if isRollup}}\\n\\","utility2-comment -->\\n\\","<div class=\"utility2FooterDiv\">\\n\\","    [ this app was created with\\n\\","    <a href=\"https://github.com/kaizhu256/node-utility2\" target=\"_blank\">utility2</a>\\n\\","    ]\\n\\","</div>\\n\\","</body>\\n\\","</html>\\n\\","';","        /* jslint-ignore-end */","        if (local.templateRender) {","            local.assetsDict['/'] = local.templateRender(","                local.assetsDict['/assets.index.template.html'],","                {","                    env: local.objectSetDefault(local.env, {","                        npm_package_description: 'the greatest app in the world!',","                        npm_package_name: 'my-app',","                        npm_package_nameAlias: 'my_app',","                        npm_package_version: '0.0.1'","                    })","                }","            );","        } else {","            local.assetsDict['/'] = local.assetsDict['/assets.index.template.html']","                .replace((/\\{\\{env\\.(\\w+?)\\}\\}/g), function (match0, match1) {","                    // jslint-hack","                    String(match0);","                    switch (match1) {","                    case 'npm_package_description':","                        return 'the greatest app in the world!';","                    case 'npm_package_name':","                        return 'my-app';","                    case 'npm_package_nameAlias':","                        return 'my_app';","                    case 'npm_package_version':","                        return '0.0.1';","                    }","                });","        }","        // run the cli","        if (local.global.utility2_rollup || module !== require.main) {","            break;","        }","        local.assetsDict['/assets.example.js'] =","            local.assetsDict['/assets.example.js'] ||","            local.fs.readFileSync(__filename, 'utf8');","        local.assetsDict['/assets.npmtest_cheerio.rollup.js'] =","            local.assetsDict['/assets.npmtest_cheerio.rollup.js'] ||","            local.fs.readFileSync(","                // buildCustomOrg-hack","                local.npmtest_cheerio.__dirname +","                    '/lib.npmtest_cheerio.js',","                'utf8'","            ).replace((/^#!/), '//');","        local.assetsDict['/favicon.ico'] = local.assetsDict['/favicon.ico'] || '';","        // if $npm_config_timeout_exit exists,","        // then exit this process after $npm_config_timeout_exit ms","        if (Number(process.env.npm_config_timeout_exit)) {","            setTimeout(process.exit, Number(process.env.npm_config_timeout_exit));","        }","        // start server","        if (local.global.utility2_serverHttp1) {","            break;","        }","        process.env.PORT = process.env.PORT || '8081';","        console.error('server starting on port ' + process.env.PORT);","        local.http.createServer(function (request, response) {","            request.urlParsed = local.url.parse(request.url);","            if (local.assetsDict[request.urlParsed.pathname] !== undefined) {","                response.end(local.assetsDict[request.urlParsed.pathname]);","                return;","            }","            response.statusCode = 404;","            response.end();","        }).listen(process.env.PORT);","        break;","    }","}());",""],"l":{"26":2,"28":2,"33":2,"35":2,"37":2,"38":2,"39":2,"44":1,"51":2,"55":2,"59":2,"61":2,"69":1,"70":2,"76":2,"79":2,"82":2,"83":2,"85":1,"89":2,"92":1,"93":1,"94":1,"96":1,"97":1,"100":1,"101":1,"103":1,"106":1,"108":2,"114":1,"116":1,"118":1,"123":1,"124":2,"125":2,"126":2,"127":2,"128":2,"129":2,"130":1,"133":2,"134":2,"139":2,"143":1,"144":3,"145":1,"149":1,"150":1,"158":1,"160":1,"161":1,"162":1,"164":1,"166":1,"258":1,"259":1,"271":1,"274":6,"275":6,"277":1,"279":2,"281":1,"283":2,"288":1,"289":1,"291":1,"294":1,"302":1,"305":1,"306":1,"309":1,"310":1,"312":1,"313":1,"314":1,"315":1,"316":1,"317":1,"318":1,"320":1,"321":1,"323":1}},"/home/travis/build/npmtest/node-npmtest-cheerio/cheerio/index.js":{"path":"/home/travis/build/npmtest/node-npmtest-cheerio/cheerio/index.js","s":{"1":1,"2":1},"b":{},"f":{},"fnMap":{},"statementMap":{"1":{"start":{"line":5,"column":0},"end":{"line":5,"column":52}},"2":{"start":{"line":11,"column":0},"end":{"line":11,"column":52}}},"branchMap":{},"code":["/**"," * Export cheerio (with )"," */","","exports = module.exports = require('./lib/cheerio');","","/*","  Export the version","*/","","exports.version = require('./package.json').version;",""],"l":{"5":1,"11":1}},"/home/travis/build/npmtest/node-npmtest-cheerio/cheerio/lib/cheerio.js":{"path":"/home/travis/build/npmtest/node-npmtest-cheerio/cheerio/lib/cheerio.js","s":{"1":1,"2":1,"3":1,"4":0,"5":0,"6":0,"7":0,"8":0,"9":0,"10":0,"11":0,"12":0,"13":0,"14":0,"15":0,"16":0,"17":0,"18":0,"19":0,"20":0,"21":0,"22":0,"23":0,"24":0,"25":0,"26":0,"27":0,"28":0,"29":0,"30":0,"31":0,"32":0,"33":0,"34":0,"35":0,"36":0,"37":1,"38":1,"39":1,"40":1,"41":1,"42":1,"43":0,"44":0,"45":0,"46":1,"47":0,"48":1,"49":5,"50":1,"51":0},"b":{"1":[0,0],"2":[0,0],"3":[0,0],"4":[0,0],"5":[0,0],"6":[0,0],"7":[0,0],"8":[0,0],"9":[0,0],"10":[0,0],"11":[0,0],"12":[0,0],"13":[0,0],"14":[0,0],"15":[0,0],"16":[0,0,0]},"f":{"1":0,"2":0,"3":0,"4":0,"5":5,"6":0},"fnMap":{"1":{"name":"(anonymous_1)","line":30,"loc":{"start":{"line":30,"column":31},"end":{"line":30,"column":74}}},"2":{"name":"(anonymous_2)","line":52,"loc":{"start":{"line":52,"column":31},"end":{"line":52,"column":51}}},"3":{"name":"(anonymous_3)","line":125,"loc":{"start":{"line":125,"column":26},"end":{"line":125,"column":49}}},"4":{"name":"(anonymous_4)","line":135,"loc":{"start":{"line":135,"column":28},"end":{"line":135,"column":39}}},"5":{"name":"(anonymous_5)","line":142,"loc":{"start":{"line":142,"column":12},"end":{"line":142,"column":26}}},"6":{"name":"(anonymous_6)","line":146,"loc":{"start":{"line":146,"column":13},"end":{"line":146,"column":27}}}},"statementMap":{"1":{"start":{"line":5,"column":0},"end":{"line":12,"column":6}},"2":{"start":{"line":18,"column":0},"end":{"line":24,"column":2}},"3":{"start":{"line":30,"column":0},"end":{"line":87,"column":2}},"4":{"start":{"line":31,"column":2},"end":{"line":31,"column":87}},"5":{"start":{"line":31,"column":34},"end":{"line":31,"column":87}},"6":{"start":{"line":33,"column":2},"end":{"line":33,"column":57}},"7":{"start":{"line":36,"column":2},"end":{"line":36,"column":29}},"8":{"start":{"line":36,"column":17},"end":{"line":36,"column":29}},"9":{"start":{"line":38,"column":2},"end":{"line":41,"column":3}},"10":{"start":{"line":39,"column":4},"end":{"line":39,"column":67}},"11":{"start":{"line":39,"column":34},"end":{"line":39,"column":67}},"12":{"start":{"line":40,"column":4},"end":{"line":40,"column":42}},"13":{"start":{"line":44,"column":2},"end":{"line":44,"column":40}},"14":{"start":{"line":44,"column":24},"end":{"line":44,"column":40}},"15":{"start":{"line":47,"column":2},"end":{"line":48,"column":26}},"16":{"start":{"line":48,"column":4},"end":{"line":48,"column":26}},"17":{"start":{"line":51,"column":2},"end":{"line":57,"column":3}},"18":{"start":{"line":52,"column":4},"end":{"line":54,"column":14}},"19":{"start":{"line":53,"column":6},"end":{"line":53,"column":23}},"20":{"start":{"line":55,"column":4},"end":{"line":55,"column":34}},"21":{"start":{"line":56,"column":4},"end":{"line":56,"column":16}},"22":{"start":{"line":60,"column":2},"end":{"line":62,"column":3}},"23":{"start":{"line":61,"column":4},"end":{"line":61,"column":70}},"24":{"start":{"line":65,"column":2},"end":{"line":80,"column":3}},"25":{"start":{"line":66,"column":4},"end":{"line":66,"column":25}},"26":{"start":{"line":67,"column":9},"end":{"line":80,"column":3}},"27":{"start":{"line":68,"column":4},"end":{"line":76,"column":5}},"28":{"start":{"line":70,"column":6},"end":{"line":70,"column":45}},"29":{"start":{"line":71,"column":6},"end":{"line":71,"column":44}},"30":{"start":{"line":74,"column":6},"end":{"line":74,"column":47}},"31":{"start":{"line":75,"column":6},"end":{"line":75,"column":27}},"32":{"start":{"line":78,"column":9},"end":{"line":80,"column":3}},"33":{"start":{"line":79,"column":4},"end":{"line":79,"column":42}},"34":{"start":{"line":83,"column":2},"end":{"line":83,"column":28}},"35":{"start":{"line":83,"column":16},"end":{"line":83,"column":28}},"36":{"start":{"line":86,"column":2},"end":{"line":86,"column":32}},"37":{"start":{"line":93,"column":0},"end":{"line":93,"column":39}},"38":{"start":{"line":99,"column":0},"end":{"line":99,"column":47}},"39":{"start":{"line":105,"column":0},"end":{"line":110,"column":2}},"40":{"start":{"line":116,"column":0},"end":{"line":116,"column":29}},"41":{"start":{"line":117,"column":0},"end":{"line":117,"column":50}},"42":{"start":{"line":125,"column":0},"end":{"line":129,"column":2}},"43":{"start":{"line":126,"column":2},"end":{"line":126,"column":77}},"44":{"start":{"line":127,"column":2},"end":{"line":127,"column":28}},"45":{"start":{"line":128,"column":2},"end":{"line":128,"column":17}},"46":{"start":{"line":135,"column":0},"end":{"line":137,"column":2}},"47":{"start":{"line":136,"column":2},"end":{"line":136,"column":20}},"48":{"start":{"line":142,"column":0},"end":{"line":144,"column":3}},"49":{"start":{"line":143,"column":2},"end":{"line":143,"column":35}},"50":{"start":{"line":146,"column":0},"end":{"line":148,"column":2}},"51":{"start":{"line":147,"column":2},"end":{"line":147,"column":67}}},"branchMap":{"1":{"line":31,"type":"if","locations":[{"start":{"line":31,"column":2},"end":{"line":31,"column":2}},{"start":{"line":31,"column":2},"end":{"line":31,"column":2}}]},"2":{"line":33,"type":"binary-expr","locations":[{"start":{"line":33,"column":28},"end":{"line":33,"column":35}},{"start":{"line":33,"column":39},"end":{"line":33,"column":41}}]},"3":{"line":36,"type":"if","locations":[{"start":{"line":36,"column":2},"end":{"line":36,"column":2}},{"start":{"line":36,"column":2},"end":{"line":36,"column":2}}]},"4":{"line":38,"type":"if","locations":[{"start":{"line":38,"column":2},"end":{"line":38,"column":2}},{"start":{"line":38,"column":2},"end":{"line":38,"column":2}}]},"5":{"line":39,"type":"if","locations":[{"start":{"line":39,"column":4},"end":{"line":39,"column":4}},{"start":{"line":39,"column":4},"end":{"line":39,"column":4}}]},"6":{"line":44,"type":"if","locations":[{"start":{"line":44,"column":2},"end":{"line":44,"column":2}},{"start":{"line":44,"column":2},"end":{"line":44,"column":2}}]},"7":{"line":47,"type":"if","locations":[{"start":{"line":47,"column":2},"end":{"line":47,"column":2}},{"start":{"line":47,"column":2},"end":{"line":47,"column":2}}]},"8":{"line":51,"type":"if","locations":[{"start":{"line":51,"column":2},"end":{"line":51,"column":2}},{"start":{"line":51,"column":2},"end":{"line":51,"column":2}}]},"9":{"line":60,"type":"if","locations":[{"start":{"line":60,"column":2},"end":{"line":60,"column":2}},{"start":{"line":60,"column":2},"end":{"line":60,"column":2}}]},"10":{"line":60,"type":"binary-expr","locations":[{"start":{"line":60,"column":6},"end":{"line":60,"column":34}},{"start":{"line":60,"column":38},"end":{"line":60,"column":54}}]},"11":{"line":65,"type":"if","locations":[{"start":{"line":65,"column":2},"end":{"line":65,"column":2}},{"start":{"line":65,"column":2},"end":{"line":65,"column":2}}]},"12":{"line":67,"type":"if","locations":[{"start":{"line":67,"column":9},"end":{"line":67,"column":9}},{"start":{"line":67,"column":9},"end":{"line":67,"column":9}}]},"13":{"line":68,"type":"if","locations":[{"start":{"line":68,"column":4},"end":{"line":68,"column":4}},{"start":{"line":68,"column":4},"end":{"line":68,"column":4}}]},"14":{"line":78,"type":"if","locations":[{"start":{"line":78,"column":9},"end":{"line":78,"column":9}},{"start":{"line":78,"column":9},"end":{"line":78,"column":9}}]},"15":{"line":83,"type":"if","locations":[{"start":{"line":83,"column":2},"end":{"line":83,"column":2}},{"start":{"line":83,"column":2},"end":{"line":83,"column":2}}]},"16":{"line":147,"type":"binary-expr","locations":[{"start":{"line":147,"column":9},"end":{"line":147,"column":17}},{"start":{"line":147,"column":21},"end":{"line":147,"column":40}},{"start":{"line":147,"column":44},"end":{"line":147,"column":66}}]}},"code":["/*","  Module dependencies","*/","","var parse = require('./parse'),","    isHtml = require('./utils').isHtml,","    _ = {","      extend: require('lodash.assignin'),","      bind: require('lodash.bind'),","      forEach: require('lodash.foreach'),","      defaults: require('lodash.defaults')","    };","","/*"," * The API"," */","","var api = [","  require('./api/attributes'),","  require('./api/traversing'),","  require('./api/manipulation'),","  require('./api/css'),","  require('./api/forms')","];","","/*"," * Instance of cheerio"," */","","var Cheerio = module.exports = function(selector, context, root, options) {","  if (!(this instanceof Cheerio)) return new Cheerio(selector, context, root, options);","","  this.options = _.defaults(options || {}, this.options);","","  // $(), $(null), $(undefined), $(false)","  if (!selector) return this;","","  if (root) {","    if (typeof root === 'string') root = parse(root, this.options);","    this._root = Cheerio.call(this, root);","  }","","  // $($)","  if (selector.cheerio) return selector;","","  // $(dom)","  if (isNode(selector))","    selector = [selector];","","  // $([dom])","  if (Array.isArray(selector)) {","    _.forEach(selector, _.bind(function(elem, idx) {","      this[idx] = elem;","    }, this));","    this.length = selector.length;","    return this;","  }","","  // $(<html>)","  if (typeof selector === 'string' && isHtml(selector)) {","    return Cheerio.call(this, parse(selector, this.options).children);","  }","","  // If we don't have a context, maybe we have a root, from loading","  if (!context) {","    context = this._root;","  } else if (typeof context === 'string') {","    if (isHtml(context)) {","      // $('li', '<ul>...</ul>')","      context = parse(context, this.options);","      context = Cheerio.call(this, context);","    } else {","      // $('li', 'ul')","      selector = [context, selector].join(' ');","      context = this._root;","    }","  // $('li', node), $('li', [nodes])","  } else if (!context.cheerio) {","    context = Cheerio.call(this, context);","  }","","  // If we still don't have a context, return","  if (!context) return this;","","  // #id, .class, tag","  return context.find(selector);","};","","/**"," * Mix in `static`"," */","","_.extend(Cheerio, require('./static'));","","/*"," * Set a signature of the object"," */","","Cheerio.prototype.cheerio = '[cheerio object]';","","/*"," * Cheerio default options"," */","","Cheerio.prototype.options = {","  withDomLvl1: true,","  normalizeWhitespace: false,","  xmlMode: false,","  decodeEntities: true","};","","/*"," * Make cheerio an array-like object"," */","","Cheerio.prototype.length = 0;","Cheerio.prototype.splice = Array.prototype.splice;","","/*"," * Make a cheerio object"," *"," * @api private"," */","","Cheerio.prototype._make = function(dom, context) {","  var cheerio = new this.constructor(dom, context, this._root, this.options);","  cheerio.prevObject = this;","  return cheerio;","};","","/**"," * Turn a cheerio object into an array"," */","","Cheerio.prototype.toArray = function() {","  return this.get();","};","","/**"," * Plug in the API"," */","api.forEach(function(mod) {","  _.extend(Cheerio.prototype, mod);","});","","var isNode = function(obj) {","  return obj.name || obj.type === 'text' || obj.type === 'comment';","};",""],"l":{"5":1,"18":1,"30":1,"31":0,"33":0,"36":0,"38":0,"39":0,"40":0,"44":0,"47":0,"48":0,"51":0,"52":0,"53":0,"55":0,"56":0,"60":0,"61":0,"65":0,"66":0,"67":0,"68":0,"70":0,"71":0,"74":0,"75":0,"78":0,"79":0,"83":0,"86":0,"93":1,"99":1,"105":1,"116":1,"117":1,"125":1,"126":0,"127":0,"128":0,"135":1,"136":0,"142":1,"143":5,"146":1,"147":0}},"/home/travis/build/npmtest/node-npmtest-cheerio/cheerio/lib/parse.js":{"path":"/home/travis/build/npmtest/node-npmtest-cheerio/cheerio/lib/parse.js","s":{"1":1,"2":1,"3":0,"4":0,"5":0,"6":0,"7":1,"8":0,"9":0,"10":0,"11":0,"12":0,"13":1,"14":0,"15":0,"16":0,"17":0,"18":0,"19":0,"20":0,"21":0,"22":0,"23":0,"24":0,"25":0,"26":0,"27":0,"28":0,"29":0,"30":0,"31":0,"32":0,"33":0,"34":0,"35":0,"36":0,"37":0},"b":{"1":[0,0],"2":[0,0],"3":[0,0],"4":[0,0],"5":[0,0],"6":[0,0],"7":[0,0],"8":[0,0],"9":[0,0],"10":[0,0],"11":[0,0],"12":[0,0],"13":[0,0],"14":[0,0],"15":[0,0]},"f":{"1":0,"2":0,"3":0},"fnMap":{"1":{"name":"(anonymous_1)","line":9,"loc":{"start":{"line":9,"column":27},"end":{"line":9,"column":54}}},"2":{"name":"(anonymous_2)","line":22,"loc":{"start":{"line":22,"column":19},"end":{"line":22,"column":46}}},"3":{"name":"(anonymous_3)","line":39,"loc":{"start":{"line":39,"column":17},"end":{"line":39,"column":39}}}},"statementMap":{"1":{"start":{"line":4,"column":0},"end":{"line":4,"column":40}},"2":{"start":{"line":9,"column":0},"end":{"line":20,"column":2}},"3":{"start":{"line":10,"column":2},"end":{"line":12,"column":59}},"4":{"start":{"line":14,"column":2},"end":{"line":14,"column":21}},"5":{"start":{"line":17,"column":2},"end":{"line":17,"column":28}},"6":{"start":{"line":19,"column":2},"end":{"line":19,"column":14}},"7":{"start":{"line":22,"column":0},"end":{"line":34,"column":2}},"8":{"start":{"line":25,"column":2},"end":{"line":25,"column":10}},"9":{"start":{"line":27,"column":2},"end":{"line":31,"column":3}},"10":{"start":{"line":28,"column":4},"end":{"line":28,"column":48}},"11":{"start":{"line":30,"column":4},"end":{"line":30,"column":18}},"12":{"start":{"line":33,"column":2},"end":{"line":33,"column":13}},"13":{"start":{"line":39,"column":0},"end":{"line":84,"column":2}},"14":{"start":{"line":41,"column":2},"end":{"line":41,"column":39}},"15":{"start":{"line":41,"column":27},"end":{"line":41,"column":39}},"16":{"start":{"line":44,"column":2},"end":{"line":48,"column":3}},"17":{"start":{"line":45,"column":4},"end":{"line":45,"column":26}},"18":{"start":{"line":47,"column":4},"end":{"line":47,"column":18}},"19":{"start":{"line":51,"column":2},"end":{"line":81,"column":3}},"20":{"start":{"line":52,"column":4},"end":{"line":52,"column":22}},"21":{"start":{"line":55,"column":4},"end":{"line":56,"column":54}},"22":{"start":{"line":57,"column":4},"end":{"line":65,"column":5}},"23":{"start":{"line":58,"column":6},"end":{"line":58,"column":55}},"24":{"start":{"line":59,"column":6},"end":{"line":61,"column":7}},"25":{"start":{"line":60,"column":8},"end":{"line":60,"column":35}},"26":{"start":{"line":62,"column":6},"end":{"line":64,"column":7}},"27":{"start":{"line":63,"column":8},"end":{"line":63,"column":35}},"28":{"start":{"line":67,"column":4},"end":{"line":72,"column":5}},"29":{"start":{"line":68,"column":6},"end":{"line":68,"column":37}},"30":{"start":{"line":69,"column":6},"end":{"line":69,"column":37}},"31":{"start":{"line":71,"column":6},"end":{"line":71,"column":35}},"32":{"start":{"line":74,"column":4},"end":{"line":80,"column":5}},"33":{"start":{"line":75,"column":6},"end":{"line":75,"column":25}},"34":{"start":{"line":76,"column":6},"end":{"line":76,"column":25}},"35":{"start":{"line":78,"column":6},"end":{"line":78,"column":23}},"36":{"start":{"line":79,"column":6},"end":{"line":79,"column":27}},"37":{"start":{"line":83,"column":2},"end":{"line":83,"column":16}}},"branchMap":{"1":{"line":27,"type":"if","locations":[{"start":{"line":27,"column":2},"end":{"line":27,"column":2}},{"start":{"line":27,"column":2},"end":{"line":27,"column":2}}]},"2":{"line":27,"type":"binary-expr","locations":[{"start":{"line":27,"column":6},"end":{"line":27,"column":33}},{"start":{"line":27,"column":37},"end":{"line":27,"column":61}}]},"3":{"line":41,"type":"if","locations":[{"start":{"line":41,"column":2},"end":{"line":41,"column":2}},{"start":{"line":41,"column":2},"end":{"line":41,"column":2}}]},"4":{"line":44,"type":"if","locations":[{"start":{"line":44,"column":2},"end":{"line":44,"column":2}},{"start":{"line":44,"column":2},"end":{"line":44,"column":2}}]},"5":{"line":55,"type":"binary-expr","locations":[{"start":{"line":55,"column":20},"end":{"line":55,"column":31}},{"start":{"line":55,"column":35},"end":{"line":55,"column":44}}]},"6":{"line":56,"type":"binary-expr","locations":[{"start":{"line":56,"column":22},"end":{"line":56,"column":31}},{"start":{"line":56,"column":35},"end":{"line":56,"column":53}}]},"7":{"line":57,"type":"if","locations":[{"start":{"line":57,"column":4},"end":{"line":57,"column":4}},{"start":{"line":57,"column":4},"end":{"line":57,"column":4}}]},"8":{"line":57,"type":"binary-expr","locations":[{"start":{"line":57,"column":8},"end":{"line":57,"column":19}},{"start":{"line":57,"column":23},"end":{"line":57,"column":42}}]},"9":{"line":59,"type":"if","locations":[{"start":{"line":59,"column":6},"end":{"line":59,"column":6}},{"start":{"line":59,"column":6},"end":{"line":59,"column":6}}]},"10":{"line":62,"type":"if","locations":[{"start":{"line":62,"column":6},"end":{"line":62,"column":6}},{"start":{"line":62,"column":6},"end":{"line":62,"column":6}}]},"11":{"line":67,"type":"if","locations":[{"start":{"line":67,"column":4},"end":{"line":67,"column":4}},{"start":{"line":67,"column":4},"end":{"line":67,"column":4}}]},"12":{"line":68,"type":"binary-expr","locations":[{"start":{"line":68,"column":18},"end":{"line":68,"column":28}},{"start":{"line":68,"column":32},"end":{"line":68,"column":36}}]},"13":{"line":69,"type":"binary-expr","locations":[{"start":{"line":69,"column":18},"end":{"line":69,"column":28}},{"start":{"line":69,"column":32},"end":{"line":69,"column":36}}]},"14":{"line":74,"type":"if","locations":[{"start":{"line":74,"column":4},"end":{"line":74,"column":4}},{"start":{"line":74,"column":4},"end":{"line":74,"column":4}}]},"15":{"line":74,"type":"binary-expr","locations":[{"start":{"line":74,"column":8},"end":{"line":74,"column":14}},{"start":{"line":74,"column":18},"end":{"line":74,"column":40}}]}},"code":["/*","  Module Dependencies","*/","var htmlparser = require('htmlparser2');","","/*","  Parser","*/","exports = module.exports = function(content, options) {","  var dom = exports.evaluate(content, options),","      // Generic root element","      root = exports.evaluate('<root></root>', options)[0];","","  root.type = 'root';","","  // Update the dom using the root","  exports.update(dom, root);","","  return root;","};","","exports.evaluate = function(content, options) {","  // options = options || $.fn.options;","","  var dom;","","  if (typeof content === 'string' || Buffer.isBuffer(content)) {","    dom = htmlparser.parseDOM(content, options);","  } else {","    dom = content;","  }","","  return dom;","};","","/*","  Update the dom structure, for one changed layer","*/","exports.update = function(arr, parent) {","  // normalize","  if (!Array.isArray(arr)) arr = [arr];","","  // Update parent","  if (parent) {","    parent.children = arr;","  } else {","    parent = null;","  }","","  // Update neighbors","  for (var i = 0; i < arr.length; i++) {","    var node = arr[i];","","    // Cleanly remove existing nodes from their previous structures.","    var oldParent = node.parent || node.root,","        oldSiblings = oldParent && oldParent.children;","    if (oldSiblings && oldSiblings !== arr) {","      oldSiblings.splice(oldSiblings.indexOf(node), 1);","      if (node.prev) {","        node.prev.next = node.next;","      }","      if (node.next) {","        node.next.prev = node.prev;","      }","    }","","    if (parent) {","      node.prev = arr[i - 1] || null;","      node.next = arr[i + 1] || null;","    } else {","      node.prev = node.next = null;","    }","","    if (parent && parent.type === 'root') {","      node.root = parent;","      node.parent = null;","    } else {","      node.root = null;","      node.parent = parent;","    }","  }","","  return parent;","};","","// module.exports = $.extend(exports);",""],"l":{"4":1,"9":1,"10":0,"14":0,"17":0,"19":0,"22":1,"25":0,"27":0,"28":0,"30":0,"33":0,"39":1,"41":0,"44":0,"45":0,"47":0,"51":0,"52":0,"55":0,"57":0,"58":0,"59":0,"60":0,"62":0,"63":0,"67":0,"68":0,"69":0,"71":0,"74":0,"75":0,"76":0,"78":0,"79":0,"83":0}},"/home/travis/build/npmtest/node-npmtest-cheerio/cheerio/lib/utils.js":{"path":"/home/travis/build/npmtest/node-npmtest-cheerio/cheerio/lib/utils.js","s":{"1":1,"2":1,"3":1,"4":0,"5":0,"6":0,"7":1,"8":0,"9":0,"10":1,"11":0,"12":1,"13":0,"14":0,"15":0,"16":0,"17":1,"18":0,"19":1,"20":1,"21":0,"22":0,"23":0,"24":0},"b":{"1":[0,0],"2":[0,0],"3":[0,0],"4":[0,0],"5":[0,0,0],"6":[0,0]},"f":{"1":0,"2":0,"3":0,"4":0,"5":0,"6":0,"7":0},"fnMap":{"1":{"name":"(anonymous_1)","line":16,"loc":{"start":{"line":16,"column":16},"end":{"line":16,"column":31}}},"2":{"name":"(anonymous_2)","line":27,"loc":{"start":{"line":27,"column":20},"end":{"line":27,"column":34}}},"3":{"name":"(anonymous_3)","line":28,"loc":{"start":{"line":28,"column":37},"end":{"line":28,"column":52}}},"4":{"name":"(anonymous_4)","line":39,"loc":{"start":{"line":39,"column":18},"end":{"line":39,"column":32}}},"5":{"name":"(anonymous_5)","line":50,"loc":{"start":{"line":50,"column":18},"end":{"line":50,"column":40}}},"6":{"name":"(anonymous_6)","line":63,"loc":{"start":{"line":63,"column":19},"end":{"line":63,"column":42}}},"7":{"name":"(anonymous_7)","line":76,"loc":{"start":{"line":76,"column":17},"end":{"line":76,"column":31}}}},"statementMap":{"1":{"start":{"line":1,"column":0},"end":{"line":2,"column":39}},"2":{"start":{"line":8,"column":0},"end":{"line":8,"column":52}},"3":{"start":{"line":16,"column":0},"end":{"line":19,"column":2}},"4":{"start":{"line":17,"column":2},"end":{"line":17,"column":34}},"5":{"start":{"line":17,"column":17},"end":{"line":17,"column":34}},"6":{"start":{"line":18,"column":2},"end":{"line":18,"column":29}},"7":{"start":{"line":27,"column":0},"end":{"line":31,"column":2}},"8":{"start":{"line":28,"column":2},"end":{"line":30,"column":5}},"9":{"start":{"line":29,"column":4},"end":{"line":29,"column":27}},"10":{"start":{"line":39,"column":0},"end":{"line":41,"column":2}},"11":{"start":{"line":40,"column":2},"end":{"line":40,"column":52}},"12":{"start":{"line":50,"column":0},"end":{"line":54,"column":2}},"13":{"start":{"line":51,"column":2},"end":{"line":51,"column":34}},"14":{"start":{"line":52,"column":2},"end":{"line":52,"column":67}},"15":{"start":{"line":52,"column":63},"end":{"line":52,"column":67}},"16":{"start":{"line":53,"column":2},"end":{"line":53,"column":17}},"17":{"start":{"line":63,"column":0},"end":{"line":65,"column":2}},"18":{"start":{"line":64,"column":2},"end":{"line":64,"column":55}},"19":{"start":{"line":71,"column":0},"end":{"line":71,"column":59}},"20":{"start":{"line":76,"column":0},"end":{"line":83,"column":2}},"21":{"start":{"line":78,"column":2},"end":{"line":78,"column":98}},"22":{"start":{"line":78,"column":86},"end":{"line":78,"column":98}},"23":{"start":{"line":81,"column":2},"end":{"line":81,"column":34}},"24":{"start":{"line":82,"column":2},"end":{"line":82,"column":31}}},"branchMap":{"1":{"line":17,"type":"if","locations":[{"start":{"line":17,"column":2},"end":{"line":17,"column":2}},{"start":{"line":17,"column":2},"end":{"line":17,"column":2}}]},"2":{"line":18,"type":"binary-expr","locations":[{"start":{"line":18,"column":9},"end":{"line":18,"column":19}},{"start":{"line":18,"column":23},"end":{"line":18,"column":28}}]},"3":{"line":52,"type":"binary-expr","locations":[{"start":{"line":52,"column":9},"end":{"line":52,"column":16}},{"start":{"line":52,"column":20},"end":{"line":52,"column":61}}]},"4":{"line":78,"type":"if","locations":[{"start":{"line":78,"column":2},"end":{"line":78,"column":2}},{"start":{"line":78,"column":2},"end":{"line":78,"column":2}}]},"5":{"line":78,"type":"binary-expr","locations":[{"start":{"line":78,"column":6},"end":{"line":78,"column":27}},{"start":{"line":78,"column":31},"end":{"line":78,"column":65}},{"start":{"line":78,"column":69},"end":{"line":78,"column":84}}]},"6":{"line":82,"type":"binary-expr","locations":[{"start":{"line":82,"column":12},"end":{"line":82,"column":17}},{"start":{"line":82,"column":21},"end":{"line":82,"column":29}}]}},"code":["var parse = require('./parse'),","    render = require('dom-serializer');","","/**"," * HTML Tags"," */","","var tags = { tag: true, script: true, style: true };","","/**"," * Check if the DOM element is a tag"," *"," * isTag(type) includes <script> and <style> tags"," */","","exports.isTag = function(type) {","  if (type.type) type = type.type;","  return tags[type] || false;","};","","/**"," * Convert a string to camel case notation."," * @param  {String} str String to be converted."," * @return {String}     String in camel case notation."," */","","exports.camelCase = function(str) {","  return str.replace(/[_.-](\\w|$)/g, function(_, x) {","    return x.toUpperCase();","  });","};","","/**"," * Convert a string from camel case to \"CSS case\", where word boundaries are"," * described by hyphens (\"-\") and all characters are lower-case."," * @param  {String} str String to be converted."," * @return {string}     String in \"CSS case\"."," */","exports.cssCase = function(str) {","  return str.replace(/[A-Z]/g, '-$&').toLowerCase();","};","","/**"," * Iterate over each DOM element without creating intermediary Cheerio instances."," *"," * This is indented for use internally to avoid otherwise unnecessary memory pressure introduced"," * by _make."," */","","exports.domEach = function(cheerio, fn) {","  var i = 0, len = cheerio.length;","  while (i < len && fn.call(cheerio, i, cheerio[i]) !== false) ++i;","  return cheerio;","};","","/**"," * Create a deep copy of the given DOM structure by first rendering it to a"," * string and then parsing the resultant markup."," *"," * @argument {Object} dom - The htmlparser2-compliant DOM structure"," * @argument {Object} options - The parsing/rendering options"," */","exports.cloneDom = function(dom, options) {","  return parse(render(dom, options), options).children;","};","","/*"," * A simple way to check for HTML strings or ID strings"," */","","var quickExpr = /^(?:[^#<]*(<[\\w\\W]+>)[^>]*$|#([\\w\\-]*)$)/;","","/*"," * Check if string is HTML"," */","exports.isHtml = function(str) {","  // Faster than running regex, if str starts with `<` and ends with `>`, assume it's HTML","  if (str.charAt(0) === '<' && str.charAt(str.length - 1) === '>' && str.length >= 3) return true;","","  // Run the regex","  var match = quickExpr.exec(str);","  return !!(match && match[1]);","};",""],"l":{"1":1,"8":1,"16":1,"17":0,"18":0,"27":1,"28":0,"29":0,"39":1,"40":0,"50":1,"51":0,"52":0,"53":0,"63":1,"64":0,"71":1,"76":1,"78":0,"81":0,"82":0}},"/home/travis/build/npmtest/node-npmtest-cheerio/cheerio/lib/api/attributes.js":{"path":"/home/travis/build/npmtest/node-npmtest-cheerio/cheerio/lib/api/attributes.js","s":{"1":1,"2":1,"3":0,"4":0,"5":0,"6":0,"7":0,"8":0,"9":0,"10":0,"11":0,"12":0,"13":0,"14":0,"15":1,"16":0,"17":0,"18":0,"19":1,"20":0,"21":0,"22":0,"23":0,"24":0,"25":0,"26":0,"27":0,"28":0,"29":0,"30":0,"31":0,"32":1,"33":0,"34":0,"35":0,"36":1,"37":0,"38":1,"39":0,"40":0,"41":0,"42":0,"43":0,"44":0,"45":0,"46":0,"47":0,"48":0,"49":0,"50":0,"51":0,"52":0,"53":0,"54":0,"55":0,"56":0,"57":0,"58":0,"59":0,"60":0,"61":0,"62":1,"63":0,"64":0,"65":0,"66":0,"67":0,"68":0,"69":0,"70":0,"71":1,"72":0,"73":0,"74":0,"75":0,"76":0,"77":0,"78":0,"79":0,"80":0,"81":0,"82":0,"83":0,"84":0,"85":0,"86":0,"87":0,"88":0,"89":0,"90":0,"91":0,"92":0,"93":0,"94":0,"95":1,"96":0,"97":0,"98":0,"99":0,"100":0,"101":0,"102":0,"103":0,"104":0,"105":0,"106":0,"107":0,"108":0,"109":0,"110":1,"111":0,"112":0,"113":0,"114":0,"115":0,"116":0,"117":0,"118":0,"119":0,"120":0,"121":0,"122":0,"123":0,"124":0,"125":0,"126":0,"127":0,"128":0,"129":0,"130":0,"131":0,"132":0,"133":0,"134":0,"135":0,"136":0,"137":0,"138":0,"139":0,"140":0,"141":0,"142":0,"143":0,"144":0,"145":0,"146":1,"147":0,"148":0,"149":0,"150":1,"151":0,"152":0,"153":0,"154":1,"155":0,"156":0,"157":0,"158":0,"159":0,"160":0,"161":0,"162":1,"163":0,"164":0,"165":0,"166":0,"167":0,"168":0,"169":0,"170":0,"171":0,"172":0,"173":0,"174":0,"175":0,"176":0,"177":0,"178":0,"179":0,"180":0,"181":0,"182":0,"183":0,"184":1,"185":0,"186":1,"187":0,"188":0,"189":0,"190":0,"191":0,"192":0,"193":0,"194":0,"195":0,"196":0,"197":0,"198":0,"199":0,"200":0,"201":0,"202":0,"203":0,"204":0,"205":0,"206":0,"207":0,"208":1,"209":0,"210":0,"211":0,"212":0,"213":0,"214":0,"215":0,"216":0,"217":0,"218":0,"219":0,"220":0,"221":0,"222":0,"223":0,"224":0,"225":0,"226":0,"227":1,"228":0,"229":0,"230":0},"b":{"1":[0,0],"2":[0,0],"3":[0,0],"4":[0,0],"5":[0,0],"6":[0,0],"7":[0,0],"8":[0,0],"9":[0,0],"10":[0,0,0,0],"11":[0,0],"12":[0,0],"13":[0,0],"14":[0,0],"15":[0,0],"16":[0,0],"17":[0,0],"18":[0,0],"19":[0,0],"20":[0,0],"21":[0,0],"22":[0,0],"23":[0,0],"24":[0,0,0,0],"25":[0,0],"26":[0,0],"27":[0,0],"28":[0,0],"29":[0,0],"30":[0,0],"31":[0,0],"32":[0,0],"33":[0,0],"34":[0,0],"35":[0,0],"36":[0,0],"37":[0,0],"38":[0,0],"39":[0,0],"40":[0,0],"41":[0,0],"42":[0,0],"43":[0,0],"44":[0,0],"45":[0,0],"46":[0,0],"47":[0,0],"48":[0,0],"49":[0,0,0,0],"50":[0,0],"51":[0,0],"52":[0,0],"53":[0,0],"54":[0,0],"55":[0,0],"56":[0,0],"57":[0,0],"58":[0,0],"59":[0,0],"60":[0,0],"61":[0,0],"62":[0,0],"63":[0,0],"64":[0,0,0,0],"65":[0,0],"66":[0,0],"67":[0,0],"68":[0,0],"69":[0,0],"70":[0,0],"71":[0,0],"72":[0,0],"73":[0,0],"74":[0,0],"75":[0,0],"76":[0,0],"77":[0,0],"78":[0,0],"79":[0,0],"80":[0,0],"81":[0,0],"82":[0,0],"83":[0,0],"84":[0,0],"85":[0,0],"86":[0,0],"87":[0,0],"88":[0,0],"89":[0,0],"90":[0,0]},"f":{"1":0,"2":0,"3":0,"4":0,"5":0,"6":0,"7":0,"8":0,"9":0,"10":0,"11":0,"12":0,"13":0,"14":0,"15":0,"16":0,"17":0,"18":0,"19":0,"20":0,"21":0,"22":0,"23":0,"24":0,"25":0,"26":0,"27":0,"28":0,"29":0,"30":0,"31":0,"32":0,"33":0,"34":0,"35":0},"fnMap":{"1":{"name":"(anonymous_1)","line":30,"loc":{"start":{"line":30,"column":14},"end":{"line":30,"column":35}}},"2":{"name":"(anonymous_2)","line":60,"loc":{"start":{"line":60,"column":14},"end":{"line":60,"column":40}}},"3":{"name":"(anonymous_3)","line":69,"loc":{"start":{"line":69,"column":15},"end":{"line":69,"column":37}}},"4":{"name":"(anonymous_4)","line":73,"loc":{"start":{"line":73,"column":27},"end":{"line":73,"column":43}}},"5":{"name":"(anonymous_5)","line":77,"loc":{"start":{"line":77,"column":25},"end":{"line":77,"column":41}}},"6":{"name":"(anonymous_6)","line":81,"loc":{"start":{"line":81,"column":24},"end":{"line":81,"column":46}}},"7":{"name":"(anonymous_7)","line":93,"loc":{"start":{"line":93,"column":14},"end":{"line":93,"column":34}}},"8":{"name":"(anonymous_8)","line":103,"loc":{"start":{"line":103,"column":14},"end":{"line":103,"column":41}}},"9":{"name":"(anonymous_9)","line":107,"loc":{"start":{"line":107,"column":15},"end":{"line":107,"column":38}}},"10":{"name":"(anonymous_10)","line":117,"loc":{"start":{"line":117,"column":28},"end":{"line":117,"column":44}}},"11":{"name":"(anonymous_11)","line":138,"loc":{"start":{"line":138,"column":27},"end":{"line":138,"column":43}}},"12":{"name":"(anonymous_12)","line":143,"loc":{"start":{"line":143,"column":25},"end":{"line":143,"column":41}}},"13":{"name":"(anonymous_13)","line":148,"loc":{"start":{"line":148,"column":24},"end":{"line":148,"column":44}}},"14":{"name":"(anonymous_14)","line":160,"loc":{"start":{"line":160,"column":14},"end":{"line":160,"column":40}}},"15":{"name":"(anonymous_15)","line":177,"loc":{"start":{"line":177,"column":15},"end":{"line":177,"column":34}}},"16":{"name":"(anonymous_16)","line":182,"loc":{"start":{"line":182,"column":46},"end":{"line":182,"column":65}}},"17":{"name":"(anonymous_17)","line":185,"loc":{"start":{"line":185,"column":27},"end":{"line":185,"column":45}}},"18":{"name":"(anonymous_18)","line":216,"loc":{"start":{"line":216,"column":15},"end":{"line":216,"column":37}}},"19":{"name":"(anonymous_19)","line":232,"loc":{"start":{"line":232,"column":18},"end":{"line":232,"column":34}}},"20":{"name":"(anonymous_20)","line":247,"loc":{"start":{"line":247,"co
[...]
,"      el.next.prev = el.prev;","    }","    el.prev = el.next = el.parent = el.root = null;","  });","","  return this;","};","","exports.replaceWith = function(content) {","  var self = this;","","  domEach(this, function(i, el) {","    var parent = el.parent || el.root;","    if (!parent) {","      return;","    }","","    var siblings = parent.children,","        dom = self._makeDomArray(typeof content === 'function' ? content.call(el, i, el) : content),","        index;","","    // In the case that `dom` contains nodes that already exist in other","    // structures, ensure those nodes are properly removed.","    updateDOM(dom, null);","","    index = siblings.indexOf(el);","","    // Completely remove old element","    uniqueSplice(siblings, index, 1, dom, parent);","    el.parent = el.prev = el.next = el.root = null;","  });","","  return this;","};","","exports.empty = function() {","  domEach(this, function(i, el) {","    _.forEach(el.children, function(el) {","      el.next = el.prev = el.parent = null;","    });","","    el.children.length = 0;","  });","  return this;","};","","/**"," * Set/Get the HTML"," */","exports.html = function(str) {","  if (str === undefined) {","    if (!this[0] || !this[0].children) return null;","    return $.html(this[0].children, this.options);","  }","","  var opts = this.options;","","  domEach(this, function(i, el) {","    _.forEach(el.children, function(el) {","      el.next = el.prev = el.parent = null;","    });","","    var content = str.cheerio ? str.clone().get() : evaluate('' + str, opts);","","    updateDOM(content, el);","  });","","  return this;","};","","exports.toString = function() {","  return $.html(this, this.options);","};","","exports.text = function(str) {","  // If `str` is undefined, act as a \"getter\"","  if (str === undefined) {","    return $.text(this);","  } else if (typeof str === 'function') {","    // Function support","    return domEach(this, function(i, el) {","      var $el = [el];","      return exports.text.call($el, str.call(el, i, $.text($el)));","    });","  }","","  // Append text node to each selected elements","  domEach(this, function(i, el) {","    _.forEach(el.children, function(el) {","      el.next = el.prev = el.parent = null;","    });","","    var elem = {","      data: '' + str,","      type: 'text',","      parent: el,","      prev: null,","      next: null,","      children: []","    };","","    updateDOM(elem, el);","  });","","  return this;","};","","exports.clone = function() {","  return this._make(cloneDom(this.get(), this.options));","};",""],"l":{"1":1,"18":1,"19":0,"20":0,"21":0,"22":0,"23":0,"24":0,"25":0,"27":0,"28":0,"30":0,"34":1,"35":2,"36":0,"39":0,"40":0,"42":0,"43":0,"45":0,"48":0,"49":0,"65":1,"66":0,"69":0,"73":0,"74":0,"75":0,"76":0,"78":0,"79":0,"80":0,"81":0,"85":0,"86":0,"88":0,"89":0,"92":0,"93":0,"96":0,"97":0,"100":0,"101":0,"103":0,"104":0,"106":0,"109":1,"110":0,"111":0,"114":0,"116":0,"119":1,"120":0,"121":0,"124":0,"126":0,"129":1,"130":0,"133":1,"134":0,"137":1,"138":0,"141":0,"142":0,"146":0,"147":0,"150":0,"151":0,"154":0,"155":0,"158":0,"159":0,"161":0,"165":0,"168":0,"171":1,"172":0,"175":0,"176":0,"177":0,"178":0,"181":0,"186":0,"188":0,"189":0,"191":0,"193":0,"196":0,"199":0,"202":1,"203":0,"205":0,"206":0,"208":0,"209":0,"210":0,"211":0,"212":0,"213":0,"214":0,"217":0,"221":0,"224":0,"225":0,"227":0,"230":1,"231":0,"234":0,"235":0,"236":0,"237":0,"240":0,"245":0,"247":0,"248":0,"250":0,"253":0,"256":0,"259":0,"262":1,"263":0,"265":0,"266":0,"268":0,"269":0,"270":0,"271":0,"272":0,"273":0,"274":0,"277":0,"281":0,"284":0,"285":0,"287":0,"293":1,"294":0,"297":0,"298":0,"300":0,"301":0,"302":0,"303":0,"306":0,"309":0,"311":0,"312":0,"313":0,"315":0,"316":0,"318":0,"321":0,"324":1,"325":0,"327":0,"328":0,"329":0,"330":0,"333":0,"339":0,"341":0,"344":0,"345":0,"348":0,"351":1,"352":0,"353":0,"354":0,"357":0,"359":0,"365":1,"366":0,"367":0,"368":0,"371":0,"373":0,"374":0,"375":0,"378":0,"380":0,"383":0,"386":1,"387":0,"390":1,"392":0,"393":0,"394":0,"396":0,"397":0,"398":0,"403":0,"404":0,"405":0,"408":0,"417":0,"420":0,"423":1,"424":0}},"/home/travis/build/npmtest/node-npmtest-cheerio/cheerio/lib/api/css.js":{"path":"/home/travis/build/npmtest/node-npmtest-cheerio/cheerio/lib/api/css.js","s":{"1":1,"2":1,"3":1,"4":0,"5":0,"6":0,"7":0,"8":1,"9":0,"10":0,"11":0,"12":0,"13":0,"14":0,"15":0,"16":0,"17":0,"18":0,"19":0,"20":0,"21":1,"22":0,"23":0,"24":0,"25":0,"26":0,"27":0,"28":1,"29":0,"30":0,"31":1,"32":0,"33":0,"34":0,"35":0,"36":0,"37":0,"38":0,"39":0,"40":0},"b":{"1":[0,0],"2":[0,0],"3":[0,0],"4":[0,0],"5":[0,0],"6":[0,0],"7":[0,0],"8":[0,0],"9":[0,0],"10":[0,0],"11":[0,0],"12":[0,0],"13":[0,0],"14":[0,0],"15":[0,0]},"f":{"1":0,"2":0,"3":0,"4":0,"5":0,"6":0,"7":0,"8":0,"9":0},"fnMap":{"1":{"name":"(anonymous_1)","line":17,"loc":{"start":{"line":17,"column":14},"end":{"line":17,"column":34}}},"2":{"name":"(anonymous_2)","line":21,"loc":{"start":{"line":21,"column":25},"end":{"line":21,"column":43}}},"3":{"name":"setCss","line":39,"loc":{"start":{"line":39,"column":0},"end":{"line":39,"column":36}}},"4":{"name":"(anonymous_4)","line":54,"loc":{"start":{"line":54,"column":30},"end":{"line":54,"column":41}}},"5":{"name":"getCss","line":68,"loc":{"start":{"line":68,"column":0},"end":{"line":68,"column":26}}},"6":{"name":"stringify","line":87,"loc":{"start":{"line":87,"column":0},"end":{"line":87,"column":24}}},"7":{"name":"(anonymous_7)","line":89,"loc":{"start":{"line":89,"column":12},"end":{"line":89,"column":31}}},"8":{"name":"parse","line":107,"loc":{"start":{"line":107,"column":0},"end":{"line":107,"column":23}}},"9":{"name":"(anonymous_9)","line":114,"loc":{"start":{"line":114,"column":12},"end":{"line":114,"column":30}}}},"statementMap":{"1":{"start":{"line":1,"column":0},"end":{"line":4,"column":6}},"2":{"start":{"line":6,"column":0},"end":{"line":6,"column":41}},"3":{"start":{"line":17,"column":0},"end":{"line":27,"column":2}},"4":{"start":{"line":18,"column":2},"end":{"line":26,"column":3}},"5":{"start":{"line":21,"column":4},"end":{"line":23,"column":7}},"6":{"start":{"line":22,"column":6},"end":{"line":22,"column":33}},"7":{"start":{"line":25,"column":4},"end":{"line":25,"column":33}},"8":{"start":{"line":39,"column":0},"end":{"line":58,"column":1}},"9":{"start":{"line":40,"column":2},"end":{"line":57,"column":3}},"10":{"start":{"line":41,"column":4},"end":{"line":41,"column":28}},"11":{"start":{"line":42,"column":4},"end":{"line":44,"column":5}},"12":{"start":{"line":43,"column":6},"end":{"line":43,"column":44}},"13":{"start":{"line":46,"column":4},"end":{"line":50,"column":5}},"14":{"start":{"line":47,"column":6},"end":{"line":47,"column":26}},"15":{"start":{"line":48,"column":11},"end":{"line":50,"column":5}},"16":{"start":{"line":49,"column":6},"end":{"line":49,"column":25}},"17":{"start":{"line":52,"column":4},"end":{"line":52,"column":41}},"18":{"start":{"line":53,"column":9},"end":{"line":57,"column":3}},"19":{"start":{"line":54,"column":4},"end":{"line":56,"column":7}},"20":{"start":{"line":55,"column":6},"end":{"line":55,"column":29}},"21":{"start":{"line":68,"column":0},"end":{"line":77,"column":1}},"22":{"start":{"line":69,"column":2},"end":{"line":69,"column":39}},"23":{"start":{"line":70,"column":2},"end":{"line":76,"column":3}},"24":{"start":{"line":71,"column":4},"end":{"line":71,"column":24}},"25":{"start":{"line":72,"column":9},"end":{"line":76,"column":3}},"26":{"start":{"line":73,"column":4},"end":{"line":73,"column":32}},"27":{"start":{"line":75,"column":4},"end":{"line":75,"column":18}},"28":{"start":{"line":87,"column":0},"end":{"line":97,"column":1}},"29":{"start":{"line":88,"column":2},"end":{"line":96,"column":11}},"30":{"start":{"line":90,"column":6},"end":{"line":95,"column":14}},"31":{"start":{"line":107,"column":0},"end":{"line":121,"column":1}},"32":{"start":{"line":108,"column":2},"end":{"line":108,"column":33}},"33":{"start":{"line":110,"column":2},"end":{"line":110,"column":25}},"34":{"start":{"line":110,"column":15},"end":{"line":110,"column":25}},"35":{"start":{"line":112,"column":2},"end":{"line":120,"column":11}},"36":{"start":{"line":115,"column":6},"end":{"line":115,"column":31}},"37":{"start":{"line":117,"column":6},"end":{"line":117,"column":50}},"38":{"start":{"line":117,"column":39},"end":{"line":117,"column":50}},"39":{"start":{"line":118,"column":6},"end":{"line":118,"column":57}},"40":{"start":{"line":119,"column":6},"end":{"line":119,"column":17}}},"branchMap":{"1":{"line":18,"type":"if","locations":[{"start":{"line":18,"column":2},"end":{"line":18,"column":2}},{"start":{"line":18,"column":2},"end":{"line":18,"column":2}}]},"2":{"line":18,"type":"binary-expr","locations":[{"start":{"line":18,"column":6},"end":{"line":18,"column":28}},{"start":{"line":20,"column":5},"end":{"line":20,"column":46}}]},"3":{"line":40,"type":"if","locations":[{"start":{"line":40,"column":2},"end":{"line":40,"column":2}},{"start":{"line":40,"column":2},"end":{"line":40,"column":2}}]},"4":{"line":42,"type":"if","locations":[{"start":{"line":42,"column":4},"end":{"line":42,"column":4}},{"start":{"line":42,"column":4},"end":{"line":42,"column":4}}]},"5":{"line":46,"type":"if","locations":[{"start":{"line":46,"column":4},"end":{"line":46,"column":4}},{"start":{"line":46,"column":4},"end":{"line":46,"column":4}}]},"6":{"line":48,"type":"if","locations":[{"start":{"line":48,"column":11},"end":{"line":48,"column":11}},{"start":{"line":48,"column":11},"end":{"line":48,"column":11}}]},"7":{"line":53,"type":"if","locations":[{"start":{"line":53,"column":9},"end":{"line":53,"column":9}},{"start":{"line":53,"column":9},"end":{"line":53,"column":9}}]},"8":{"line":70,"type":"if","locations":[{"start":{"line":70,"column":2},"end":{"line":70,"column":2}},{"start":{"line":70,"column":2},"end":{"line":70,"column":2}}]},"9":{"line":72,"type":"if","locations":[{"start":{"line":72,"column":9},"end":{"line":72,"column":9}},{"start":{"line":72,"column":9},"end":{"line":72,"column":9}}]},"10":{"line":88,"type":"binary-expr","locations":[{"start":{"line":88,"column":21},"end":{"line":88,"column":24}},{"start":{"line":88,"column":28},"end":{"line":88,"column":30}}]},"11":{"line":91,"type":"cond-expr","locations":[{"start":{"line":91,"column":17},"end":{"line":91,"column":20}},{"start":{"line":91,"column":23},"end":{"line":91,"column":25}}]},"12":{"line":108,"type":"binary-expr","locations":[{"start":{"line":108,"column":12},"end":{"line":108,"column":18}},{"start":{"line":108,"column":22},"end":{"line":108,"column":24}}]},"13":{"line":110,"type":"if","locations":[{"start":{"line":110,"column":2},"end":{"line":110,"column":2}},{"start":{"line":110,"column":2},"end":{"line":110,"column":2}}]},"14":{"line":117,"type":"if","locations":[{"start":{"line":117,"column":6},"end":{"line":117,"column":6}},{"start":{"line":117,"column":6},"end":{"line":117,"column":6}}]},"15":{"line":117,"type":"binary-expr","locations":[{"start":{"line":117,"column":10},"end":{"line":117,"column":15}},{"start":{"line":117,"column":19},"end":{"line":117,"column":37}}]}},"code":["var domEach = require('../utils').domEach,","    _ = {","      pick: require('lodash.pick'),","    };","","var toString = Object.prototype.toString;","","/**"," * Set / Get css."," *"," * @param {String|Object} prop"," * @param {String} val"," * @return {self}"," * @api public"," */","","exports.css = function(prop, val) {","  if (arguments.length === 2 ||","    // When `prop` is a \"plain\" object","    (toString.call(prop) === '[object Object]')) {","    return domEach(this, function(idx, el) {","      setCss(el, prop, val, idx);","    });","  } else {","    return getCss(this[0], prop);","  }","};","","/**"," * Set styles of all elements."," *"," * @param {String|Object} prop"," * @param {String} val"," * @param {Number} idx - optional index within the selection"," * @return {self}"," * @api private"," */","","function setCss(el, prop, val, idx) {","  if ('string' == typeof prop) {","    var styles = getCss(el);","    if (typeof val === 'function') {","      val = val.call(el, idx, styles[prop]);","    }","","    if (val === '') {","      delete styles[prop];","    } else if (val != null) {","      styles[prop] = val;","    }","","    el.attribs.style = stringify(styles);","  } else if ('object' == typeof prop) {","    Object.keys(prop).forEach(function(k){","      setCss(el, k, prop[k]);","    });","  }","}","","/**"," * Get parsed styles of the first element."," *"," * @param {String} prop"," * @return {Object}"," * @api private"," */","","function getCss(el, prop) {","  var styles = parse(el.attribs.style);","  if (typeof prop === 'string') {","    return styles[prop];","  } else if (Array.isArray(prop)) {","    return _.pick(styles, prop);","  } else {","    return styles;","  }","}","","/**"," * Stringify `obj` to styles."," *"," * @param {Object} obj"," * @return {Object}"," * @api private"," */","","function stringify(obj) {","  return Object.keys(obj || {})","    .reduce(function(str, prop){","      return str += ''","        + (str ? ' ' : '')","        + prop","        + ': '","        + obj[prop]","        + ';';","    }, '');","}","","/**"," * Parse `styles`."," *"," * @param {String} styles"," * @return {Object}"," * @api private"," */","","function parse(styles) {","  styles = (styles || '').trim();","","  if (!styles) return {};","","  return styles","    .split(';')","    .reduce(function(obj, str){","      var n = str.indexOf(':');","      // skip if there is no :, or if it is the first/last character","      if (n < 1 || n === str.length-1) return obj;","      obj[str.slice(0,n).trim()] = str.slice(n+1).trim();","      return obj;","    }, {});","}",""],"l":{"1":1,"6":1,"17":1,"18":0,"21":0,"22":0,"25":0,"39":1,"40":0,"41":0,"42":0,"43":0,"46":0,"47":0,"48":0,"49":0,"52":0,"53":0,"54":0,"55":0,"68":1,"69":0,"70":0,"71":0,"72":0,"73":0,"75":0,"87":1,"88":0,"90":0,"107":1,"108":0,"110":0,"112":0,"115":0,"117":0,"118":0,"119":0}},"/home/travis/build/npmtest/node-npmtest-cheerio/cheerio/lib/api/forms.js":{"path":"/home/travis/build/npmtest/node-npmtest-cheerio/cheerio/lib/api/forms.js","s":{"1":1,"2":1,"3":0,"4":0,"5":0,"6":0,"7":1,"8":0,"9":0,"10":0,"11":0,"12":0,"13":0,"14":0,"15":0,"16":0,"17":0,"18":0,"19":0,"20":0,"21":0,"22":0,"23":0},"b":{"1":[0,0],"2":[0,0],"3":[0,0]},"f":{"1":0,"2":0,"3":0,"4":0,"5":0,"6":0},"fnMap":{"1":{"name":"(anonymous_1)","line":10,"loc":{"start":{"line":10,"column":20},"end":{"line":10,"column":31}}},"2":{"name":"(anonymous_2)","line":15,"loc":{"start":{"line":15,"column":26},"end":{"line":15,"column":41}}},"3":{"name":"(anonymous_3)","line":23,"loc":{"start":{"line":23,"column":25},"end":{"line":23,"column":36}}},"4":{"name":"(anonymous_4)","line":26,"loc":{"start":{"line":26,"column":18},"end":{"line":26,"column":29}}},"5":{"name":"(anonymous_5)","line":42,"loc":{"start":{"line":42,"column":10},"end":{"line":42,"column":28}}},"6":{"name":"(anonymous_6)","line":53,"loc":{"start":{"line":53,"column":28},"end":{"line":53,"column":42}}}},"statementMap":{"1":{"start":{"line":3,"column":0},"end":{"line":8,"column":6}},"2":{"start":{"line":10,"column":0},"end":{"line":21,"column":2}},"3":{"start":{"line":12,"column":2},"end":{"line":12,"column":34}},"4":{"start":{"line":15,"column":2},"end":{"line":17,"column":5}},"5":{"start":{"line":16,"column":4},"end":{"line":16,"column":80}},"6":{"start":{"line":20,"column":2},"end":{"line":20,"column":44}},"7":{"start":{"line":23,"column":0},"end":{"line":65,"column":2}},"8":{"start":{"line":25,"column":2},"end":{"line":25,"column":33}},"9":{"start":{"line":26,"column":2},"end":{"line":64,"column":13}},"10":{"start":{"line":27,"column":6},"end":{"line":27,"column":22}},"11":{"start":{"line":28,"column":6},"end":{"line":28,"column":32}},"12":{"start":{"line":29,"column":6},"end":{"line":33,"column":7}},"13":{"start":{"line":30,"column":8},"end":{"line":30,"column":57}},"14":{"start":{"line":32,"column":8},"end":{"line":32,"column":59}},"15":{"start":{"line":43,"column":6},"end":{"line":43,"column":32}},"16":{"start":{"line":44,"column":6},"end":{"line":44,"column":36}},"17":{"start":{"line":45,"column":6},"end":{"line":45,"column":28}},"18":{"start":{"line":48,"column":6},"end":{"line":62,"column":7}},"19":{"start":{"line":49,"column":8},"end":{"line":49,"column":20}},"20":{"start":{"line":52,"column":8},"end":{"line":61,"column":9}},"21":{"start":{"line":53,"column":10},"end":{"line":57,"column":13}},"22":{"start":{"line":56,"column":12},"end":{"line":56,"column":69}},"23":{"start":{"line":60,"column":10},"end":{"line":60,"column":67}}},"branchMap":{"1":{"line":29,"type":"if","locations":[{"start":{"line":29,"column":6},"end":{"line":29,"column":6}},{"start":{"line":29,"column":6},"end":{"line":29,"column":6}}]},"2":{"line":48,"type":"if","locations":[{"start":{"line":48,"column":6},"end":{"line":48,"column":6}},{"start":{"line":48,"column":6},"end":{"line":48,"column":6}}]},"3":{"line":52,"type":"if","locations":[{"start":{"line":52,"column":8},"end":{"line":52,"column":8}},{"start":{"line":52,"column":8},"end":{"line":52,"column":8}}]}},"code":["// https://github.com/jquery/jquery/blob/2.1.3/src/manipulation/var/rcheckableType.js","// https://github.com/jquery/jquery/blob/2.1.3/src/serialize.js","var submittableSelector = 'input,select,textarea,keygen',","    r20 = /%20/g,","    rCRLF = /\\r?\\n/g,","    _ = {","      map: require('lodash.map')","    };","","exports.serialize = function() {","  // Convert form elements into name/value objects","  var arr = this.serializeArray();","","  // Serialize each element into a key/value string","  var retArr = _.map(arr, function(data) {","    return encodeURIComponent(data.name) + '=' + encodeURIComponent(data.value);","  });","","  // Return the resulting serialization","  return retArr.join('&').replace(r20, '+');","};","","exports.serializeArray = function() {","  // Resolve all form elements from either forms or collections of form elements","  var Cheerio = this.constructor;","  return this.map(function() {","      var elem = this;","      var $elem = Cheerio(elem);","      if (elem.name === 'form') {","        return $elem.find(submittableSelector).toArray();","      } else {","        return $elem.filter(submittableSelector).toArray();","      }","    }).filter(","        // Verify elements have a name (`attr.name`) and are not disabled (`:disabled`)","        '[name!=\"\"]:not(:disabled)'","        // and cannot be clicked (`[type=submit]`) or are used in `x-www-form-urlencoded` (`[type=file]`)","        + ':not(:submit, :button, :image, :reset, :file)'","        // and are either checked/don't have a checkable state","        + ':matches([checked], :not(:checkbox, :radio))'","    // Convert each of the elements to its value(s)","    ).map(function(i, elem) {","      var $elem = Cheerio(elem);","      var name = $elem.attr('name');","      var val = $elem.val();","","      // If there is no value set (e.g. `undefined`, `null`), then return nothing","      if (val == null) {","        return null;","      } else {","        // If we have an array of values (e.g. `<select multiple>`), return an array of key/value pairs","        if (Array.isArray(val)) {","          return _.map(val, function(val) {","            // We trim replace any line endings (e.g. `\\r` or `\\r\\n` with `\\r\\n`) to guarantee consistency across platforms","            //   These can occur inside of `<textarea>'s`","            return {name: name, value: val.replace( rCRLF, '\\r\\n' )};","          });","        // Otherwise (e.g. `<input type=\"text\">`, return only one key/value pair","        } else {","          return {name: name, value: val.replace( rCRLF, '\\r\\n' )};","        }","      }","    // Convert our result to an array","    }).get();","};",""],"l":{"3":1,"10":1,"12":0,"15":0,"16":0,"20":0,"23":1,"25":0,"26":0,"27":0,"28":0,"29":0,"30":0,"32":0,"43":0,"44":0,"45":0,"48":0,"49":0,"52":0,"53":0,"56":0,"60":0}}}